{"/home/travis/build/npmtest/node-npmtest-eslint-plugin-angular/test.js":{"path":"/home/travis/build/npmtest/node-npmtest-eslint-plugin-angular/test.js","s":{"1":2,"2":2,"3":2,"4":2,"5":2,"6":2,"7":2,"8":1,"9":2,"10":2,"11":1,"12":1,"13":1,"14":1,"15":2,"16":2,"17":2,"18":2,"19":1,"20":1,"21":2,"22":2,"23":2,"24":1,"25":1,"26":1,"27":1,"28":1,"29":1,"30":1,"31":1,"32":1,"33":1,"34":1,"35":1,"36":1,"37":2,"38":2,"39":1,"40":2,"41":2,"42":1,"43":2,"44":2,"45":1,"46":2,"47":2,"48":1,"49":1,"50":1,"51":1,"52":1},"b":{"1":[2,1,1,1],"2":[1,1,1,1],"3":[1,1],"4":[1,1],"5":[1,1],"6":[1,1],"7":[1,1],"8":[1,1],"9":[1,1,1],"10":[1,1],"11":[1,1],"12":[1,1],"13":[1,1],"14":[1,1],"15":[1,1],"16":[1,1]},"f":{"1":2,"2":2,"3":2,"4":2,"5":2,"6":1,"7":1,"8":2,"9":2,"10":2,"11":2,"12":1},"fnMap":{"1":{"name":"(anonymous_1)","line":12,"loc":{"start":{"line":12,"column":1},"end":{"line":12,"column":13}}},"2":{"name":"(anonymous_2)","line":19,"loc":{"start":{"line":19,"column":5},"end":{"line":19,"column":17}}},"3":{"name":"(anonymous_3)","line":23,"loc":{"start":{"line":23,"column":24},"end":{"line":23,"column":36}}},"4":{"name":"(anonymous_4)","line":61,"loc":{"start":{"line":61,"column":5},"end":{"line":61,"column":17}}},"5":{"name":"(anonymous_5)","line":82,"loc":{"start":{"line":82,"column":5},"end":{"line":82,"column":17}}},"6":{"name":"(anonymous_6)","line":102,"loc":{"start":{"line":102,"column":83},"end":{"line":105,"column":10}},"skip":true},"7":{"name":"(anonymous_7)","line":113,"loc":{"start":{"line":113,"column":77},"end":{"line":116,"column":10}},"skip":true},"8":{"name":"(anonymous_8)","line":129,"loc":{"start":{"line":129,"column":12},"end":{"line":129,"column":40}},"skip":true},"9":{"name":"(anonymous_9)","line":137,"loc":{"start":{"line":137,"column":77},"end":{"line":140,"column":10}},"skip":true},"10":{"name":"(anonymous_10)","line":148,"loc":{"start":{"line":148,"column":83},"end":{"line":151,"column":10}},"skip":true},"11":{"name":"(anonymous_11)","line":159,"loc":{"start":{"line":159,"column":79},"end":{"line":162,"column":10}},"skip":true},"12":{"name":"(anonymous_12)","line":170,"loc":{"start":{"line":170,"column":75},"end":{"line":173,"column":10}},"skip":true}},"statementMap":{"1":{"start":{"line":12,"column":0},"end":{"line":185,"column":5}},"2":{"start":{"line":14,"column":4},"end":{"line":14,"column":14}},"3":{"start":{"line":19,"column":4},"end":{"line":56,"column":9}},"4":{"start":{"line":21,"column":8},"end":{"line":21,"column":19}},"5":{"start":{"line":23,"column":8},"end":{"line":35,"column":13}},"6":{"start":{"line":24,"column":12},"end":{"line":34,"column":13}},"7":{"start":{"line":25,"column":16},"end":{"line":28,"column":30}},"8":{"start":{"line":30,"column":16},"end":{"line":33,"column":27}},"9":{"start":{"line":37,"column":8},"end":{"line":39,"column":21}},"10":{"start":{"line":40,"column":8},"end":{"line":53,"column":9}},"11":{"start":{"line":43,"column":12},"end":{"line":46,"column":14}},"12":{"start":{"line":47,"column":12},"end":{"line":47,"column":18}},"13":{"start":{"line":50,"column":12},"end":{"line":51,"column":46}},"14":{"start":{"line":52,"column":12},"end":{"line":52,"column":18}},"15":{"start":{"line":55,"column":8},"end":{"line":55,"column":35}},"16":{"start":{"line":61,"column":4},"end":{"line":63,"column":9}},"17":{"start":{"line":62,"column":8},"end":{"line":62,"column":15}},"18":{"start":{"line":64,"column":4},"end":{"line":77,"column":5}},"19":{"start":{"line":70,"column":8},"end":{"line":70,"column":14}},"20":{"start":{"line":76,"column":8},"end":{"line":76,"column":14}},"21":{"start":{"line":82,"column":4},"end":{"line":84,"column":9}},"22":{"start":{"line":83,"column":8},"end":{"line":83,"column":15}},"23":{"start":{"line":85,"column":4},"end":{"line":184,"column":5}},"24":{"start":{"line":92,"column":8},"end":{"line":94,"column":63}},"25":{"start":{"line":95,"column":8},"end":{"line":95,"column":14}},"26":{"start":{"line":102,"column":8},"end":{"line":111,"column":10},"skip":true},"27":{"start":{"line":109,"column":12},"end":{"line":109,"column":55},"skip":true},"28":{"start":{"line":110,"column":12},"end":{"line":110,"column":48},"skip":true},"29":{"start":{"line":113,"column":8},"end":{"line":126,"column":10},"skip":true},"30":{"start":{"line":120,"column":12},"end":{"line":120,"column":76},"skip":true},"31":{"start":{"line":121,"column":12},"end":{"line":121,"column":73},"skip":true},"32":{"start":{"line":122,"column":12},"end":{"line":122,"column":74},"skip":true},"33":{"start":{"line":123,"column":12},"end":{"line":123,"column":79},"skip":true},"34":{"start":{"line":124,"column":12},"end":{"line":124,"column":25},"skip":true},"35":{"start":{"line":125,"column":12},"end":{"line":125,"column":45},"skip":true},"36":{"start":{"line":128,"column":8},"end":{"line":135,"column":14},"skip":true},"37":{"start":{"line":133,"column":16},"end":{"line":133,"column":29},"skip":true},"38":{"start":{"line":134,"column":16},"end":{"line":134,"column":55},"skip":true},"39":{"start":{"line":137,"column":8},"end":{"line":146,"column":10},"skip":true},"40":{"start":{"line":144,"column":12},"end":{"line":144,"column":25},"skip":true},"41":{"start":{"line":145,"column":12},"end":{"line":145,"column":45},"skip":true},"42":{"start":{"line":148,"column":8},"end":{"line":157,"column":10},"skip":true},"43":{"start":{"line":155,"column":12},"end":{"line":155,"column":25},"skip":true},"44":{"start":{"line":156,"column":12},"end":{"line":156,"column":48},"skip":true},"45":{"start":{"line":159,"column":8},"end":{"line":168,"column":10},"skip":true},"46":{"start":{"line":166,"column":12},"end":{"line":166,"column":25},"skip":true},"47":{"start":{"line":167,"column":12},"end":{"line":167,"column":46},"skip":true},"48":{"start":{"line":170,"column":8},"end":{"line":179,"column":10},"skip":true},"49":{"start":{"line":177,"column":12},"end":{"line":177,"column":94},"skip":true},"50":{"start":{"line":178,"column":12},"end":{"line":178,"column":48},"skip":true},"51":{"start":{"line":182,"column":8},"end":{"line":182,"column":35},"skip":true},"52":{"start":{"line":183,"column":8},"end":{"line":183,"column":14},"skip":true}},"branchMap":{"1":{"line":25,"type":"binary-expr","locations":[{"start":{"line":25,"column":23},"end":{"line":25,"column":62}},{"start":{"line":26,"column":20},"end":{"line":26,"column":70}},{"start":{"line":27,"column":20},"end":{"line":27,"column":71}},{"start":{"line":28,"column":20},"end":{"line":28,"column":29}}]},"2":{"line":30,"type":"binary-expr","locations":[{"start":{"line":30,"column":23},"end":{"line":30,"column":37}},{"start":{"line":31,"column":20},"end":{"line":31,"column":61}},{"start":{"line":32,"column":20},"end":{"line":32,"column":70}},{"start":{"line":33,"column":20},"end":{"line":33,"column":26}}]},"3":{"line":37,"type":"cond-expr","locations":[{"start":{"line":38,"column":14},"end":{"line":38,"column":20}},{"start":{"line":39,"column":14},"end":{"line":39,"column":20}}]},"4":{"line":40,"type":"switch","locations":[{"start":{"line":42,"column":8},"end":{"line":47,"column":18}},{"start":{"line":49,"column":8},"end":{"line":52,"column":18}}]},"5":{"line":44,"type":"binary-expr","locations":[{"start":{"line":44,"column":16},"end":{"line":44,"column":44}},{"start":{"line":44,"column":48},"end":{"line":44,"column":66}}]},"6":{"line":50,"type":"binary-expr","locations":[{"start":{"line":50,"column":21},"end":{"line":50,"column":49}},{"start":{"line":50,"column":53},"end":{"line":50,"column":72}}]},"7":{"line":64,"type":"switch","locations":[{"start":{"line":69,"column":4},"end":{"line":70,"column":14}},{"start":{"line":75,"column":4},"end":{"line":76,"column":14}}]},"8":{"line":85,"type":"switch","locations":[{"start":{"line":90,"column":4},"end":{"line":95,"column":14}},{"start":{"line":101,"column":4},"end":{"line":183,"column":14},"skip":true}]},"9":{"line":92,"type":"binary-expr","locations":[{"start":{"line":92,"column":18},"end":{"line":92,"column":32}},{"start":{"line":93,"column":12},"end":{"line":93,"column":53}},{"start":{"line":94,"column":12},"end":{"line":94,"column":61}}]},"10":{"line":102,"type":"binary-expr","locations":[{"start":{"line":102,"column":45},"end":{"line":102,"column":79},"skip":true},{"start":{"line":102,"column":83},"end":{"line":111,"column":9},"skip":true}]},"11":{"line":113,"type":"binary-expr","locations":[{"start":{"line":113,"column":42},"end":{"line":113,"column":73},"skip":true},{"start":{"line":113,"column":77},"end":{"line":126,"column":9},"skip":true}]},"12":{"line":128,"type":"binary-expr","locations":[{"start":{"line":128,"column":48},"end":{"line":128,"column":85},"skip":true},{"start":{"line":129,"column":12},"end":{"line":135,"column":13},"skip":true}]},"13":{"line":137,"type":"binary-expr","locations":[{"start":{"line":137,"column":42},"end":{"line":137,"column":73},"skip":true},{"start":{"line":137,"column":77},"end":{"line":146,"column":9},"skip":true}]},"14":{"line":148,"type":"binary-expr","locations":[{"start":{"line":148,"column":45},"end":{"line":148,"column":79},"skip":true},{"start":{"line":148,"column":83},"end":{"line":157,"column":9},"skip":true}]},"15":{"line":159,"type":"binary-expr","locations":[{"start":{"line":159,"column":43},"end":{"line":159,"column":75},"skip":true},{"start":{"line":159,"column":79},"end":{"line":168,"column":9},"skip":true}]},"16":{"line":170,"type":"binary-expr","locations":[{"start":{"line":170,"column":41},"end":{"line":170,"column":71},"skip":true},{"start":{"line":170,"column":75},"end":{"line":179,"column":9},"skip":true}]}},"code":["/* istanbul instrument in package npmtest_eslint_plugin_angular */","/*jslint","    bitwise: true,","    browser: true,","    maxerr: 8,","    maxlen: 96,","    node: true,","    nomen: true,","    regexp: true,","    stupid: true","*/","(function () {","    'use strict';","    var local;","","","","    // run shared js-env code - pre-init","    (function () {","        // init local","        local = {};","        // init modeJs","        local.modeJs = (function () {","            try {","                return typeof navigator.userAgent === 'string' &&","                    typeof document.querySelector('body') === 'object' &&","                    typeof XMLHttpRequest.prototype.open === 'function' &&","                    'browser';","            } catch (errorCaughtBrowser) {","                return module.exports &&","                    typeof process.versions.node === 'string' &&","                    typeof require('http').createServer === 'function' &&","                    'node';","            }","        }());","        // init global","        local.global = local.modeJs === 'browser'","            ? window","            : global;","        switch (local.modeJs) {","        // re-init local from window.local","        case 'browser':","            local = local.global.utility2.objectSetDefault(","                local.global.utility2_rollup || local.global.local,","                local.global.utility2","            );","            break;","        // re-init local from example.js","        case 'node':","            local = (local.global.utility2_rollup || require('utility2'))","                .requireExampleJsFromReadme();","            break;","        }","        // export local","        local.global.local = local;","    }());","","","","    // run shared js-env code - function","    (function () {","        return;","    }());","    switch (local.modeJs) {","","","","    // run browser js-env code - function","    case 'browser':","        break;","","","","    // run node js-env code - function","    case 'node':","        break;","    }","","","","    // run shared js-env code - post-init","    (function () {","        return;","    }());","    switch (local.modeJs) {","","","","    // run browser js-env code - post-init","    case 'browser':","        // run tests","        local.nop(local.modeTest &&","            document.querySelector('#testRunButton1') &&","            document.querySelector('#testRunButton1').click());","        break;","","","","    // run node js-env code - post-init","    /* istanbul ignore next */","    case 'node':","        local.testCase_buildApidoc_default = local.testCase_buildApidoc_default || function (","            options,","            onError","        ) {","        /*","         * this function will test buildApidoc's default handling-behavior-behavior","         */","            options = { modulePathList: module.paths };","            local.buildApidoc(options, onError);","        };","","        local.testCase_buildApp_default = local.testCase_buildApp_default || function (","            options,","            onError","        ) {","        /*","         * this function will test buildApp's default handling-behavior-behavior","         */","            local.testCase_buildReadme_default(options, local.onErrorThrow);","            local.testCase_buildLib_default(options, local.onErrorThrow);","            local.testCase_buildTest_default(options, local.onErrorThrow);","            local.testCase_buildCustomOrg_default(options, local.onErrorThrow);","            options = [];","            local.buildApp(options, onError);","        };","","        local.testCase_buildCustomOrg_default = local.testCase_buildCustomOrg_default ||","            function (options, onError) {","            /*","             * this function will test buildCustomOrg's default handling-behavior","             */","                options = {};","                local.buildCustomOrg(options, onError);","            };","","        local.testCase_buildLib_default = local.testCase_buildLib_default || function (","            options,","            onError","        ) {","        /*","         * this function will test buildLib's default handling-behavior","         */","            options = {};","            local.buildLib(options, onError);","        };","","        local.testCase_buildReadme_default = local.testCase_buildReadme_default || function (","            options,","            onError","        ) {","        /*","         * this function will test buildReadme's default handling-behavior-behavior","         */","            options = {};","            local.buildReadme(options, onError);","        };","","        local.testCase_buildTest_default = local.testCase_buildTest_default || function (","            options,","            onError","        ) {","        /*","         * this function will test buildTest's default handling-behavior","         */","            options = {};","            local.buildTest(options, onError);","        };","","        local.testCase_webpage_default = local.testCase_webpage_default || function (","            options,","            onError","        ) {","        /*","         * this function will test webpage's default handling-behavior","         */","            options = { modeCoverageMerge: true, url: local.serverLocalHost + '?modeTest=1' };","            local.browserTest(options, onError);","        };","","        // run test-server","        local.testRunServer(local);","        break;","    }","}());",""],"l":{"12":2,"14":2,"19":2,"21":2,"23":2,"24":2,"25":2,"30":1,"37":2,"40":2,"43":1,"47":1,"50":1,"52":1,"55":2,"61":2,"62":2,"64":2,"70":1,"76":1,"82":2,"83":2,"85":2,"92":1,"95":1,"102":1,"109":1,"110":1,"113":1,"120":1,"121":1,"122":1,"123":1,"124":1,"125":1,"128":1,"133":2,"134":2,"137":1,"144":2,"145":2,"148":1,"155":2,"156":2,"159":1,"166":2,"167":2,"170":1,"177":1,"178":1,"182":1,"183":1}},"/home/travis/build/npmtest/node-npmtest-eslint-plugin-angular/lib.npmtest_eslint_plugin_angular.js":{"path":"/home/travis/build/npmtest/node-npmtest-eslint-plugin-angular/lib.npmtest_eslint_plugin_angular.js","s":{"1":2,"2":2,"3":2,"4":2,"5":2,"6":2,"7":2,"8":1,"9":2,"10":2,"11":2,"12":2,"13":1,"14":1,"15":1,"16":1},"b":{"1":[2,1,1,1],"2":[1,1,1,1],"3":[1,1],"4":[2,2],"5":[1,1]},"f":{"1":2,"2":2,"3":2},"fnMap":{"1":{"name":"(anonymous_1)","line":12,"loc":{"start":{"line":12,"column":1},"end":{"line":12,"column":13}}},"2":{"name":"(anonymous_2)","line":19,"loc":{"start":{"line":19,"column":5},"end":{"line":19,"column":17}}},"3":{"name":"(anonymous_3)","line":23,"loc":{"start":{"line":23,"column":24},"end":{"line":23,"column":36}}}},"statementMap":{"1":{"start":{"line":12,"column":0},"end":{"line":53,"column":5}},"2":{"start":{"line":14,"column":4},"end":{"line":14,"column":14}},"3":{"start":{"line":19,"column":4},"end":{"line":52,"column":9}},"4":{"start":{"line":21,"column":8},"end":{"line":21,"column":19}},"5":{"start":{"line":23,"column":8},"end":{"line":35,"column":13}},"6":{"start":{"line":24,"column":12},"end":{"line":34,"column":13}},"7":{"start":{"line":25,"column":16},"end":{"line":28,"column":30}},"8":{"start":{"line":30,"column":16},"end":{"line":33,"column":27}},"9":{"start":{"line":37,"column":8},"end":{"line":39,"column":21}},"10":{"start":{"line":41,"column":8},"end":{"line":41,"column":54}},"11":{"start":{"line":43,"column":8},"end":{"line":43,"column":66}},"12":{"start":{"line":45,"column":8},"end":{"line":51,"column":9}},"13":{"start":{"line":46,"column":12},"end":{"line":46,"column":72}},"14":{"start":{"line":48,"column":12},"end":{"line":48,"column":35}},"15":{"start":{"line":49,"column":12},"end":{"line":49,"column":49}},"16":{"start":{"line":50,"column":12},"end":{"line":50,"column":43}}},"branchMap":{"1":{"line":25,"type":"binary-expr","locations":[{"start":{"line":25,"column":23},"end":{"line":25,"column":62}},{"start":{"line":26,"column":20},"end":{"line":26,"column":70}},{"start":{"line":27,"column":20},"end":{"line":27,"column":71}},{"start":{"line":28,"column":20},"end":{"line":28,"column":29}}]},"2":{"line":30,"type":"binary-expr","locations":[{"start":{"line":30,"column":23},"end":{"line":30,"column":37}},{"start":{"line":31,"column":20},"end":{"line":31,"column":61}},{"start":{"line":32,"column":20},"end":{"line":32,"column":70}},{"start":{"line":33,"column":20},"end":{"line":33,"column":26}}]},"3":{"line":37,"type":"cond-expr","locations":[{"start":{"line":38,"column":14},"end":{"line":38,"column":20}},{"start":{"line":39,"column":14},"end":{"line":39,"column":20}}]},"4":{"line":41,"type":"binary-expr","locations":[{"start":{"line":41,"column":16},"end":{"line":41,"column":44}},{"start":{"line":41,"column":48},"end":{"line":41,"column":53}}]},"5":{"line":45,"type":"if","locations":[{"start":{"line":45,"column":8},"end":{"line":45,"column":8}},{"start":{"line":45,"column":8},"end":{"line":45,"column":8}}]}},"code":["/* istanbul instrument in package npmtest_eslint_plugin_angular */","/*jslint","    bitwise: true,","    browser: true,","    maxerr: 8,","    maxlen: 96,","    node: true,","    nomen: true,","    regexp: true,","    stupid: true","*/","(function () {","    'use strict';","    var local;","","","","    // run shared js-env code - pre-init","    (function () {","        // init local","        local = {};","        // init modeJs","        local.modeJs = (function () {","            try {","                return typeof navigator.userAgent === 'string' &&","                    typeof document.querySelector('body') === 'object' &&","                    typeof XMLHttpRequest.prototype.open === 'function' &&","                    'browser';","            } catch (errorCaughtBrowser) {","                return module.exports &&","                    typeof process.versions.node === 'string' &&","                    typeof require('http').createServer === 'function' &&","                    'node';","            }","        }());","        // init global","        local.global = local.modeJs === 'browser'","            ? window","            : global;","        // init utility2_rollup","        local = local.global.utility2_rollup || local;","        // init lib","        local.local = local.npmtest_eslint_plugin_angular = local;","        // init exports","        if (local.modeJs === 'browser') {","            local.global.utility2_npmtest_eslint_plugin_angular = local;","        } else {","            module.exports = local;","            module.exports.__dirname = __dirname;","            module.exports.module = module;","        }","    }());","}());",""],"l":{"12":2,"14":2,"19":2,"21":2,"23":2,"24":2,"25":2,"30":1,"37":2,"41":2,"43":2,"45":2,"46":1,"48":1,"49":1,"50":1}},"/home/travis/build/npmtest/node-npmtest-eslint-plugin-angular/example.js":{"path":"/home/travis/build/npmtest/node-npmtest-eslint-plugin-angular/example.js","s":{"1":2,"2":2,"3":2,"4":2,"5":2,"6":2,"7":2,"8":1,"9":2,"10":2,"11":2,"12":2,"13":1,"14":2,"15":2,"16":2,"17":2,"18":2,"19":0,"20":2,"21":1,"22":1,"23":1,"24":1,"25":1,"26":0,"27":0,"28":1,"29":1,"30":2,"31":0,"32":0,"33":0,"34":1,"35":2,"36":2,"37":2,"38":2,"39":2,"40":2,"41":0,"42":2,"43":2,"44":2,"45":1,"46":3,"47":1,"48":1,"49":1,"50":1,"51":1,"52":1,"53":1,"54":1,"55":1,"56":1,"57":0,"58":1,"59":6,"60":6,"61":1,"62":2,"63":0,"64":2,"65":1,"66":1,"67":0,"68":0,"69":0,"70":0,"71":0,"72":0,"73":0,"74":0,"75":0,"76":0,"77":0,"78":0,"79":0,"80":0,"81":0,"82":0,"83":0},"b":{"1":[2,1,1,1],"2":[1,1,1,1],"3":[1,1],"4":[2,2],"5":[1,1],"6":[1,1],"7":[2,0],"8":[2,1,1,1,1,1],"9":[0,2,0],"10":[1,1],"11":[2,1,1],"12":[1,0],"13":[0,2],"14":[2,0,0,0,0,0,0],"15":[0,2],"16":[2,0],"17":[1,1],"18":[0,1],"19":[1,2,0,2],"20":[1,0],"21":[1,1],"22":[0,0],"23":[0,0],"24":[0,0],"25":[0,0],"26":[0,0],"27":[0,0],"28":[0,0]},"f":{"1":2,"2":2,"3":2,"4":2,"5":2,"6":2,"7":2,"8":2,"9":3,"10":1,"11":6,"12":0},"fnMap":{"1":{"name":"(anonymous_1)","line":26,"loc":{"start":{"line":26,"column":1},"end":{"line":26,"column":13}}},"2":{"name":"(anonymous_2)","line":33,"loc":{"start":{"line":33,"column":5},"end":{"line":33,"column":17}}},"3":{"name":"(anonymous_3)","line":37,"loc":{"start":{"line":37,"column":24},"end":{"line":37,"column":36}}},"4":{"name":"(anonymous_4)","line":69,"loc":{"start":{"line":69,"column":31},"end":{"line":69,"column":48}},"skip":true},"5":{"name":"(anonymous_5)","line":78,"loc":{"start":{"line":78,"column":26},"end":{"line":78,"column":45}},"skip":true},"6":{"name":"(anonymous_6)","line":123,"loc":{"start":{"line":123,"column":33},"end":{"line":123,"column":48}},"skip":true},"7":{"name":"(anonymous_7)","line":125,"loc":{"start":{"line":125,"column":27},"end":{"line":125,"column":39}},"skip":true},"8":{"name":"(anonymous_8)","line":133,"loc":{"start":{"line":133,"column":59},"end":{"line":133,"column":74}},"skip":true},"9":{"name":"(anonymous_9)","line":143,"loc":{"start":{"line":143,"column":45},"end":{"line":143,"column":62}},"skip":true},"10":{"name":"(anonymous_10)","line":144,"loc":{"start":{"line":144,"column":73},"end":{"line":144,"column":92}},"skip":true},"11":{"name":"(anonymous_11)","line":272,"loc":{"start":{"line":272,"column":51},"end":{"line":272,"column":77}},"skip":true},"12":{"name":"(anonymous_12)","line":314,"loc":{"start":{"line":314,"column":32},"end":{"line":314,"column":61}},"skip":true}},"statementMap":{"1":{"start":{"line":26,"column":0},"end":{"line":325,"column":5}},"2":{"start":{"line":28,"column":4},"end":{"line":28,"column":14}},"3":{"start":{"line":33,"column":4},"end":{"line":60,"column":9}},"4":{"start":{"line":35,"column":8},"end":{"line":35,"column":19}},"5":{"start":{"line":37,"column":8},"end":{"line":49,"column":13}},"6":{"start":{"line":38,"column":12},"end":{"line":48,"column":13}},"7":{"start":{"line":39,"column":16},"end":{"line":42,"column":30}},"8":{"start":{"line":44,"column":16},"end":{"line":47,"column":27}},"9":{"start":{"line":51,"column":8},"end":{"line":53,"column":21}},"10":{"start":{"line":55,"column":8},"end":{"line":57,"column":45}},"11":{"start":{"line":59,"column":8},"end":{"line":59,"column":35}},"12":{"start":{"line":61,"column":4},"end":{"line":324,"column":5}},"13":{"start":{"line":69,"column":8},"end":{"line":121,"column":10},"skip":true},"14":{"start":{"line":70,"column":12},"end":{"line":88,"column":13},"skip":true},"15":{"start":{"line":76,"column":16},"end":{"line":87,"column":19},"skip":true},"16":{"start":{"line":79,"column":20},"end":{"line":86,"column":21},"skip":true},"17":{"start":{"line":82,"column":24},"end":{"line":82,"column":43},"skip":true},"18":{"start":{"line":83,"column":24},"end":{"line":83,"column":30},"skip":true},"19":{"start":{"line":85,"column":24},"end":{"line":85,"column":49},"skip":true},"20":{"start":{"line":89,"column":12},"end":{"line":107,"column":13},"skip":true},"21":{"start":{"line":92,"column":16},"end":{"line":102,"column":17},"skip":true},"22":{"start":{"line":93,"column":20},"end":{"line":93,"column":86},"skip":true},"23":{"start":{"line":94,"column":20},"end":{"line":95,"column":45},"skip":true},"24":{"start":{"line":96,"column":20},"end":{"line":96,"column":42},"skip":true},"25":{"start":{"line":97,"column":20},"end":{"line":97,"column":48},"skip":true},"26":{"start":{"line":100,"column":20},"end":{"line":100,"column":85},"skip":true},"27":{"start":{"line":101,"column":20},"end":{"line":101,"column":96},"skip":true},"28":{"start":{"line":103,"column":16},"end":{"line":103,"column":22},"skip":true},"29":{"start":{"line":106,"column":16},"end":{"line":106,"column":22},"skip":true},"30":{"start":{"line":108,"column":12},"end":{"line":120,"column":13},"skip":true},"31":{"start":{"line":114,"column":16},"end":{"line":119,"column":17},"skip":true},"32":{"start":{"line":116,"column":20},"end":{"line":116,"column":78},"skip":true},"33":{"start":{"line":118,"column":20},"end":{"line":118,"column":53},"skip":true},"34":{"start":{"line":123,"column":8},"end":{"line":141,"column":11},"skip":true},"35":{"start":{"line":124,"column":12},"end":{"line":124,"column":54},"skip":true},"36":{"start":{"line":125,"column":12},"end":{"line":140,"column":14},"skip":true},"37":{"start":{"line":126,"column":16},"end":{"line":126,"column":28},"skip":true},"38":{"start":{"line":127,"column":16},"end":{"line":127,"column":69},"skip":true},"39":{"start":{"line":128,"column":16},"end":{"line":128,"column":75},"skip":true},"40":{"start":{"line":129,"column":16},"end":{"line":131,"column":17},"skip":true},"41":{"start":{"line":130,"column":20},"end":{"line":130,"column":27},"skip":true},"42":{"start":{"line":133,"column":16},"end":{"line":137,"column":36},"skip":true},"43":{"start":{"line":134,"column":20},"end":{"line":136,"column":55},"skip":true},"44":{"start":{"line":139,"column":16},"end":{"line":139,"column":57},"skip":true},"45":{"start":{"line":143,"column":8},"end":{"line":147,"column":11},"skip":true},"46":{"start":{"line":144,"column":12},"end":{"line":146,"column":15},"skip":true},"47":{"start":{"line":145,"column":16},"end":{"line":145,"column":70},"skip":true},"48":{"start":{"line":149,"column":8},"end":{"line":149,"column":31},"skip":true},"49":{"start":{"line":150,"column":8},"end":{"line":150,"column":14},"skip":true},"50":{"start":{"line":158,"column":8},"end":{"line":158,"column":31},"skip":true},"51":{"start":{"line":160,"column":8},"end":{"line":160,"column":33},"skip":true},"52":{"start":{"line":161,"column":8},"end":{"line":161,"column":37},"skip":true},"53":{"start":{"line":162,"column":8},"end":{"line":162,"column":35},"skip":true},"54":{"start":{"line":164,"column":8},"end":{"line":164,"column":50},"skip":true},"55":{"start":{"line":166,"column":8},"end":{"line":256,"column":2},"skip":true},"56":{"start":{"line":258,"column":8},"end":{"line":286,"column":9},"skip":true},"57":{"start":{"line":259,"column":12},"end":{"line":269,"column":14},"skip":true},"58":{"start":{"line":271,"column":12},"end":{"line":285,"column":19},"skip":true},"59":{"start":{"line":274,"column":20},"end":{"line":274,"column":35},"skip":true},"60":{"start":{"line":275,"column":20},"end":{"line":284,"column":21},"skip":true},"61":{"start":{"line":277,"column":24},"end":{"line":277,"column":64},"skip":true},"62":{"start":{"line":279,"column":24},"end":{"line":279,"column":40},"skip":true},"63":{"start":{"line":281,"column":24},"end":{"line":281,"column":40},"skip":true},"64":{"start":{"line":283,"column":24},"end":{"line":283,"column":39},"skip":true},"65":{"start":{"line":288,"column":8},"end":{"line":290,"column":9},"skip":true},"66":{"start":{"line":289,"column":12},"end":{"line":289,"column":18},"skip":true},"67":{"start":{"line":291,"column":8},"end":{"line":293,"column":54},"skip":true},"68":{"start":{"line":294,"column":8},"end":{"line":301,"column":37},"skip":true},"69":{"start":{"line":302,"column":8},"end":{"line":302,"column":82},"skip":true},"70":{"start":{"line":305,"column":8},"end":{"line":307,"column":9},"skip":true},"71":{"start":{"line":306,"column":12},"end":{"line":306,"column":82},"skip":true},"72":{"start":{"line":309,"column":8},"end":{"line":311,"column":9},"skip":true},"73":{"start":{"line":310,"column":12},"end":{"line":310,"column":18},"skip":true},"74":{"start":{"line":312,"column":8},"end":{"line":312,"column":54},"skip":true},"75":{"start":{"line":313,"column":8},"end":{"line":313,"column":69},"skip":true},"76":{"start":{"line":314,"column":8},"end":{"line":322,"column":36},"skip":true},"77":{"start":{"line":315,"column":12},"end":{"line":315,"column":61},"skip":true},"78":{"start":{"line":316,"column":12},"end":{"line":319,"column":13},"skip":true},"79":{"start":{"line":317,"column":16},"end":{"line":317,"column":75},"skip":true},"80":{"start":{"line":318,"column":16},"end":{"line":318,"column":23},"skip":true},"81":{"start":{"line":320,"column":12},"end":{"line":320,"column":38},"skip":true},"82":{"start":{"line":321,"column":12},"end":{"line":321,"column":27},"skip":true},"83":{"start":{"line":323,"column":8},"end":{"line":323,"column":14},"skip":true}},"branchMap":{"1":{"line":39,"type":"binary-expr","locations":[{"start":{"line":39,"column":23},"end":{"line":39,"column":62}},{"start":{"line":40,"column":20},"end":{"line":40,"column":70}},{"start":{"line":41,"column":20},"end":{"line":41,"column":71}},{"start":{"line":42,"column":20},"end":{"line":42,"column":29}}]},"2":{"line":44,"type":"binary-expr","locations":[{"start":{"line":44,"column":23},"end":{"line":44,"column":37}},{"start":{"line":45,"column":20},"end":{"line":45,"column":61}},{"start":{"line":46,"column":20},"end":{"line":46,"column":70}},{"start":{"line":47,"column":20},"end":{"line":47,"column":26}}]},"3":{"line":51,"type":"cond-expr","locations":[{"start":{"line":52,"column":14},"end":{"line":52,"column":20}},{"start":{"line":53,"column":14},"end":{"line":53,"column":20}}]},"4":{"line":55,"type":"binary-expr","locations":[{"start":{"line":55,"column":16},"end":{"line":55,"column":44}},{"start":{"line":55,"column":49},"end":{"line":57,"column":43}}]},"5":{"line":55,"type":"cond-expr","locations":[{"start":{"line":56,"column":14},"end":{"line":56,"column":65}},{"start":{"line":57,"column":14},"end":{"line":57,"column":43}}]},"6":{"line":61,"type":"switch","locations":[{"start":{"line":68,"column":4},"end":{"line":150,"column":14},"skip":true},{"start":{"line":156,"column":4},"end":{"line":323,"column":14},"skip":true}]},"7":{"line":70,"type":"if","locations":[{"start":{"line":70,"column":12},"end":{"line":70,"column":12},"skip":true},{"start":{"line":70,"column":12},"end":{"line":70,"column":12},"skip":true}]},"8":{"line":70,"type":"binary-expr","locations":[{"start":{"line":70,"column":16},"end":{"line":70,"column":22},"skip":true},{"start":{"line":70,"column":27},"end":{"line":70,"column":32},"skip":true},{"start":{"line":71,"column":20},"end":{"line":71,"column":39},"skip":true},{"start":{"line":72,"column":20},"end":{"line":72,"column":49},"skip":true},{"start":{"line":73,"column":20},"end":{"line":73,"column":58},"skip":true},{"start":{"line":74,"column":20},"end":{"line":74,"column":69},"skip":true}]},"9":{"line":79,"type":"switch","locations":[{"start":{"line":80,"column":20},"end":{"line":80,"column":33},"skip":true},{"start":{"line":81,"column":20},"end":{"line":83,"column":30},"skip":true},{"start":{"line":84,"column":20},"end":{"line":85,"column":49},"skip":true}]},"10":{"line":89,"type":"switch","locations":[{"start":{"line":90,"column":12},"end":{"line":103,"column":22},"skip":true},{"start":{"line":105,"column":12},"end":{"line":106,"column":22},"skip":true}]},"11":{"line":89,"type":"binary-expr","locations":[{"start":{"line":89,"column":20},"end":{"line":89,"column":25},"skip":true},{"start":{"line":89,"column":29},"end":{"line":89,"column":48},"skip":true},{"start":{"line":89,"column":52},"end":{"line":89,"column":74},"skip":true}]},"12":{"line":92,"type":"if","locations":[{"start":{"line":92,"column":16},"end":{"line":92,"column":16},"skip":true},{"start":{"line":92,"column":16},"end":{"line":92,"column":16},"skip":true}]},"13":{"line":108,"type":"if","locations":[{"start":{"line":108,"column":12},"end":{"line":108,"column":12},"skip":true},{"start":{"line":108,"column":12},"end":{"line":108,"column":12},"skip":true}]},"14":{"line":108,"type":"binary-expr","locations":[{"start":{"line":108,"column":16},"end":{"line":108,"column":61},"skip":true},{"start":{"line":108,"column":66},"end":{"line":108,"column":72},"skip":true},{"start":{"line":108,"column":77},"end":{"line":108,"column":82},"skip":true},{"start":{"line":109,"column":20},"end":{"line":109,"column":39},"skip":true},{"start":{"line":110,"column":20},"end":{"line":110,"column":49},"skip":true},{"start":{"line":111,"column":20},"end":{"line":111,"column":58},"skip":true},{"start":{"line":112,"column":20},"end":{"line":112,"column":68},"skip":true}]},"15":{"line":129,"type":"if","locations":[{"start":{"line":129,"column":16},"end":{"line":129,"column":16},"skip":true},{"start":{"line":129,"column":16},"end":{"line":129,"column":16},"skip":true}]},"16":{"line":134,"type":"cond-expr","locations":[{"start":{"line":135,"column":26},"end":{"line":135,"column":29},"skip":true},{"start":{"line":136,"column":26},"end":{"line":136,"column":54},"skip":true}]},"17":{"line":164,"type":"binary-expr","locations":[{"start":{"line":164,"column":27},"end":{"line":164,"column":43},"skip":true},{"start":{"line":164,"column":47},"end":{"line":164,"column":49},"skip":true}]},"18":{"line":258,"type":"if","locations":[{"start":{"line":258,"column":8},"end":{"line":258,"column":8},"skip":true},{"start":{"line":258,"column":8},"end":{"line":258,"column":8},"skip":true}]},"19":{"line":275,"type":"switch","locations":[{"start":{"line":276,"column":20},"end":{"line":277,"column":64},"skip":true},{"start":{"line":278,"column":20},"end":{"line":279,"column":40},"skip":true},{"start":{"line":280,"column":20},"end":{"line":281,"column":40},"skip":true},{"start":{"line":282,"column":20},"end":{"line":283,"column":39},"skip":true}]},"20":{"line":288,"type":"if","locations":[{"start":{"line":288,"column":8},"end":{"line":288,"column":8},"skip":true},{"start":{"line":288,"column":8},"end":{"line":288,"column":8},"skip":true}]},"21":{"line":288,"type":"binary-expr","locations":[{"start":{"line":288,"column":12},"end":{"line":288,"column":40},"skip":true},{"start":{"line":288,"column":44},"end":{"line":288,"column":67},"skip":true}]},"22":{"line":292,"type":"binary-expr","locations":[{"start":{"line":292,"column":12},"end":{"line":292,"column":50},"skip":true},{"start":{"line":293,"column":12},"end":{"line":293,"column":53},"skip":true}]},"23":{"line":295,"type":"binary-expr","locations":[{"start":{"line":295,"column":12},"end":{"line":295,"column":79},"skip":true},{"start":{"line":296,"column":12},"end":{"line":301,"column":36},"skip":true}]},"24":{"line":302,"type":"binary-expr","locations":[{"start":{"line":302,"column":43},"end":{"line":302,"column":75},"skip":true},{"start":{"line":302,"column":79},"end":{"line":302,"column":81},"skip":true}]},"25":{"line":305,"type":"if","locations":[{"start":{"line":305,"column":8},"end":{"line":305,"column":8},"skip":true},{"start":{"line":305,"column":8},"end":{"line":305,"column":8},"skip":true}]},"26":{"line":309,"type":"if","locations":[{"start":{"line":309,"column":8},"end":{"line":309,"column":8},"skip":true},{"start":{"line":309,"column":8},"end":{"line":309,"column":8},"skip":true}]},"27":{"line":312,"type":"binary-expr","locations":[{"start":{"line":312,"column":27},"end":{"line":312,"column":43},"skip":true},{"start":{"line":312,"column":47},"end":{"line":312,"column":53},"skip":true}]},"28":{"line":316,"type":"if","locations":[{"start":{"line":316,"column":12},"end":{"line":316,"column":12},"skip":true},{"start":{"line":316,"column":12},"end":{"line":316,"column":12},"skip":true}]}},"code":["/*","example.js","","quickstart example","","instruction","    1. save this script as example.js","    2. run the shell command:","        $ npm install npmtest-eslint-plugin-angular && PORT=8081 node example.js","    3. play with the browser-demo on http://127.0.0.1:8081","*/","","","","/* istanbul instrument in package npmtest_eslint_plugin_angular */","/*jslint","    bitwise: true,","    browser: true,","    maxerr: 8,","    maxlen: 96,","    node: true,","    nomen: true,","    regexp: true,","    stupid: true","*/","(function () {","    'use strict';","    var local;","","","","    // run shared js-env code - pre-init","    (function () {","        // init local","        local = {};","        // init modeJs","        local.modeJs = (function () {","            try {","                return typeof navigator.userAgent === 'string' &&","                    typeof document.querySelector('body') === 'object' &&","                    typeof XMLHttpRequest.prototype.open === 'function' &&","                    'browser';","            } catch (errorCaughtBrowser) {","                return module.exports &&","                    typeof process.versions.node === 'string' &&","                    typeof require('http').createServer === 'function' &&","                    'node';","            }","        }());","        // init global","        local.global = local.modeJs === 'browser'","            ? window","            : global;","        // init utility2_rollup","        local = local.global.utility2_rollup || (local.modeJs === 'browser'","            ? local.global.utility2_npmtest_eslint_plugin_angular","            : global.utility2_moduleExports);","        // export local","        local.global.local = local;","    }());","    switch (local.modeJs) {","","","","    // post-init","    // run browser js-env code - post-init","    /* istanbul ignore next */","    case 'browser':","        local.testRunBrowser = function (event) {","            if (!event || (event &&","                    event.currentTarget &&","                    event.currentTarget.className &&","                    event.currentTarget.className.includes &&","                    event.currentTarget.className.includes('onreset'))) {","                // reset output","                Array.from(","                    document.querySelectorAll('body > .resettable')","                ).forEach(function (element) {","                    switch (element.tagName) {","                    case 'INPUT':","                    case 'TEXTAREA':","                        element.value = '';","                        break;","                    default:","                        element.textContent = '';","                    }","                });","            }","            switch (event && event.currentTarget && event.currentTarget.id) {","            case 'testRunButton1':","                // show tests","                if (document.querySelector('#testReportDiv1').style.display === 'none') {","                    document.querySelector('#testReportDiv1').style.display = 'block';","                    document.querySelector('#testRunButton1').textContent =","                        'hide internal test';","                    local.modeTest = true;","                    local.testRunDefault(local);","                // hide tests","                } else {","                    document.querySelector('#testReportDiv1').style.display = 'none';","                    document.querySelector('#testRunButton1').textContent = 'run internal test';","                }","                break;","            // custom-case","            default:","                break;","            }","            if (document.querySelector('#inputTextareaEval1') && (!event || (event &&","                    event.currentTarget &&","                    event.currentTarget.className &&","                    event.currentTarget.className.includes &&","                    event.currentTarget.className.includes('oneval')))) {","                // try to eval input-code","                try {","                    /*jslint evil: true*/","                    eval(document.querySelector('#inputTextareaEval1').value);","                } catch (errorCaught) {","                    console.error(errorCaught.stack);","                }","            }","        };","        // log stderr and stdout to #outputTextareaStdout1","        ['error', 'log'].forEach(function (key) {","            console[key + '_original'] = console[key];","            console[key] = function () {","                var element;","                console[key + '_original'].apply(console, arguments);","                element = document.querySelector('#outputTextareaStdout1');","                if (!element) {","                    return;","                }","                // append text to #outputTextareaStdout1","                element.value += Array.from(arguments).map(function (arg) {","                    return typeof arg === 'string'","                        ? arg","                        : JSON.stringify(arg, null, 4);","                }).join(' ') + '\\n';","                // scroll textarea to bottom","                element.scrollTop = element.scrollHeight;","            };","        });","        // init event-handling","        ['change', 'click', 'keyup'].forEach(function (event) {","            Array.from(document.querySelectorAll('.on' + event)).forEach(function (element) {","                element.addEventListener(event, local.testRunBrowser);","            });","        });","        // run tests","        local.testRunBrowser();","        break;","","","","    // run node js-env code - post-init","    /* istanbul ignore next */","    case 'node':","        // export local","        module.exports = local;","        // require modules","        local.fs = require('fs');","        local.http = require('http');","        local.url = require('url');","        // init assets","        local.assetsDict = local.assetsDict || {};","        /* jslint-ignore-begin */","        local.assetsDict['/assets.index.template.html'] = '\\","<!doctype html>\\n\\","<html lang=\"en\">\\n\\","<head>\\n\\","<meta charset=\"UTF-8\">\\n\\","<meta name=\"viewport\" content=\"width=device-width, initial-scale=1\">\\n\\","<title>{{env.npm_package_name}} (v{{env.npm_package_version}})</title>\\n\\","<style>\\n\\","/*csslint\\n\\","    box-sizing: false,\\n\\","    universal-selector: false\\n\\","*/\\n\\","* {\\n\\","    box-sizing: border-box;\\n\\","}\\n\\","body {\\n\\","    background: #dde;\\n\\","    font-family: Arial, Helvetica, sans-serif;\\n\\","    margin: 2rem;\\n\\","}\\n\\","body > * {\\n\\","    margin-bottom: 1rem;\\n\\","}\\n\\",".utility2FooterDiv {\\n\\","    margin-top: 20px;\\n\\","    text-align: center;\\n\\","}\\n\\","</style>\\n\\","<style>\\n\\","/*csslint\\n\\","*/\\n\\","textarea {\\n\\","    font-family: monospace;\\n\\","    height: 10rem;\\n\\","    width: 100%;\\n\\","}\\n\\","textarea[readonly] {\\n\\","    background: #ddd;\\n\\","}\\n\\","</style>\\n\\","</head>\\n\\","<body>\\n\\","<!-- utility2-comment\\n\\","<div id=\"ajaxProgressDiv1\" style=\"background: #d00; height: 2px; left: 0; margin: 0; padding: 0; position: fixed; top: 0; transition: background 0.5s, width 1.5s; width: 25%;\"></div>\\n\\","utility2-comment -->\\n\\","<h1>\\n\\","<!-- utility2-comment\\n\\","    <a\\n\\","        {{#if env.npm_package_homepage}}\\n\\","        href=\"{{env.npm_package_homepage}}\"\\n\\","        {{/if env.npm_package_homepage}}\\n\\","        target=\"_blank\"\\n\\","    >\\n\\","utility2-comment -->\\n\\","        {{env.npm_package_name}} (v{{env.npm_package_version}})\\n\\","<!-- utility2-comment\\n\\","    </a>\\n\\","utility2-comment -->\\n\\","</h1>\\n\\","<h3>{{env.npm_package_description}}</h3>\\n\\","<!-- utility2-comment\\n\\","<h4><a download href=\"assets.app.js\">download standalone app</a></h4>\\n\\","<button class=\"onclick onreset\" id=\"testRunButton1\">run internal test</button><br>\\n\\","<div id=\"testReportDiv1\" style=\"display: none;\"></div>\\n\\","utility2-comment -->\\n\\","\\n\\","\\n\\","\\n\\","<label>stderr and stdout</label>\\n\\","<textarea class=\"resettable\" id=\"outputTextareaStdout1\" readonly></textarea>\\n\\","<!-- utility2-comment\\n\\","{{#if isRollup}}\\n\\","<script src=\"assets.app.js\"></script>\\n\\","{{#unless isRollup}}\\n\\","utility2-comment -->\\n\\","<script src=\"assets.utility2.rollup.js\"></script>\\n\\","<script src=\"jsonp.utility2._stateInit?callback=window.utility2._stateInit\"></script>\\n\\","<script src=\"assets.npmtest_eslint_plugin_angular.rollup.js\"></script>\\n\\","<script src=\"assets.example.js\"></script>\\n\\","<script src=\"assets.test.js\"></script>\\n\\","<!-- utility2-comment\\n\\","{{/if isRollup}}\\n\\","utility2-comment -->\\n\\","<div class=\"utility2FooterDiv\">\\n\\","    [ this app was created with\\n\\","    <a href=\"https://github.com/kaizhu256/node-utility2\" target=\"_blank\">utility2</a>\\n\\","    ]\\n\\","</div>\\n\\","</body>\\n\\","</html>\\n\\","';","        /* jslint-ignore-end */","        if (local.templateRender) {","            local.assetsDict['/'] = local.templateRender(","                local.assetsDict['/assets.index.template.html'],","                {","                    env: local.objectSetDefault(local.env, {","                        npm_package_description: 'the greatest app in the world!',","                        npm_package_name: 'my-app',","                        npm_package_nameAlias: 'my_app',","                        npm_package_version: '0.0.1'","                    })","                }","            );","        } else {","            local.assetsDict['/'] = local.assetsDict['/assets.index.template.html']","                .replace((/\\{\\{env\\.(\\w+?)\\}\\}/g), function (match0, match1) {","                    // jslint-hack","                    String(match0);","                    switch (match1) {","                    case 'npm_package_description':","                        return 'the greatest app in the world!';","                    case 'npm_package_name':","                        return 'my-app';","                    case 'npm_package_nameAlias':","                        return 'my_app';","                    case 'npm_package_version':","                        return '0.0.1';","                    }","                });","        }","        // run the cli","        if (local.global.utility2_rollup || module !== require.main) {","            break;","        }","        local.assetsDict['/assets.example.js'] =","            local.assetsDict['/assets.example.js'] ||","            local.fs.readFileSync(__filename, 'utf8');","        local.assetsDict['/assets.npmtest_eslint_plugin_angular.rollup.js'] =","            local.assetsDict['/assets.npmtest_eslint_plugin_angular.rollup.js'] ||","            local.fs.readFileSync(","                // buildCustomOrg-hack","                local.npmtest_eslint_plugin_angular.__dirname +","                    '/lib.npmtest_eslint_plugin_angular.js',","                'utf8'","            ).replace((/^#!/), '//');","        local.assetsDict['/favicon.ico'] = local.assetsDict['/favicon.ico'] || '';","        // if $npm_config_timeout_exit exists,","        // then exit this process after $npm_config_timeout_exit ms","        if (Number(process.env.npm_config_timeout_exit)) {","            setTimeout(process.exit, Number(process.env.npm_config_timeout_exit));","        }","        // start server","        if (local.global.utility2_serverHttp1) {","            break;","        }","        process.env.PORT = process.env.PORT || '8081';","        console.error('server starting on port ' + process.env.PORT);","        local.http.createServer(function (request, response) {","            request.urlParsed = local.url.parse(request.url);","            if (local.assetsDict[request.urlParsed.pathname] !== undefined) {","                response.end(local.assetsDict[request.urlParsed.pathname]);","                return;","            }","            response.statusCode = 404;","            response.end();","        }).listen(process.env.PORT);","        break;","    }","}());",""],"l":{"26":2,"28":2,"33":2,"35":2,"37":2,"38":2,"39":2,"44":1,"51":2,"55":2,"59":2,"61":2,"69":1,"70":2,"76":2,"79":2,"82":2,"83":2,"85":1,"89":2,"92":1,"93":1,"94":1,"96":1,"97":1,"100":1,"101":1,"103":1,"106":1,"108":2,"114":1,"116":1,"118":1,"123":1,"124":2,"125":2,"126":2,"127":2,"128":2,"129":2,"130":1,"133":2,"134":2,"139":2,"143":1,"144":3,"145":1,"149":1,"150":1,"158":1,"160":1,"161":1,"162":1,"164":1,"166":1,"258":1,"259":1,"271":1,"274":6,"275":6,"277":1,"279":2,"281":1,"283":2,"288":1,"289":1,"291":1,"294":1,"302":1,"305":1,"306":1,"309":1,"310":1,"312":1,"313":1,"314":1,"315":1,"316":1,"317":1,"318":1,"320":1,"321":1,"323":1}},"/home/travis/build/npmtest/node-npmtest-eslint-plugin-angular/eslint-plugin-angular/index.js":{"path":"/home/travis/build/npmtest/node-npmtest-eslint-plugin-angular/eslint-plugin-angular/index.js","s":{"1":1,"2":1,"3":1,"4":1,"5":1,"6":60,"7":60,"8":59,"9":1},"b":{"1":[59,1]},"f":{"1":60},"fnMap":{"1":{"name":"(anonymous_1)","line":11,"loc":{"start":{"line":11,"column":32},"end":{"line":11,"column":47}}}},"statementMap":{"1":{"start":{"line":5,"column":0},"end":{"line":5,"column":23}},"2":{"start":{"line":6,"column":0},"end":{"line":6,"column":27}},"3":{"start":{"line":8,"column":0},"end":{"line":8,"column":15}},"4":{"start":{"line":9,"column":0},"end":{"line":9,"column":44}},"5":{"start":{"line":11,"column":0},"end":{"line":16,"column":3}},"6":{"start":{"line":12,"column":4},"end":{"line":12,"column":40}},"7":{"start":{"line":13,"column":4},"end":{"line":15,"column":5}},"8":{"start":{"line":14,"column":8},"end":{"line":14,"column":60}},"9":{"start":{"line":18,"column":0},"end":{"line":77,"column":2}}},"branchMap":{"1":{"line":13,"type":"if","locations":[{"start":{"line":13,"column":4},"end":{"line":13,"column":4}},{"start":{"line":13,"column":4},"end":{"line":13,"column":4}}]}},"code":["'use strict';","","/* eslint-disable global-require */","","var fs = require('fs');","var path = require('path');","","var rules = {};","var ruleDir = path.join(__dirname, 'rules');","","fs.readdirSync(ruleDir).forEach(function(name) {","    var match = name.match(/(.+)\\.js$/);","    if (match) {","        rules[match[1]] = require(path.join(ruleDir, name));","    }","});","","module.exports = {","    rules: rules,","    environments: require('./environments'),","    configs: {","        johnpapa: {","            plugins: [","                'angular'","            ],","            rules: {","                'angular/component-name': 2,","                'angular/constant-name': 2,","                'angular/controller-as-route': 2,","                'angular/controller-as-vm': 2,","                'angular/controller-as': 2,","                'angular/controller-name': 2,","                'angular/directive-name': 2,","                'angular/directive-restrict': 2,","                'angular/document-service': 2,","                'angular/factory-name': 2,","                'angular/file-name': 2,","                'angular/filter-name': 2,","                'angular/function-type': 2,","                'angular/interval-service': 2,","                'angular/module-getter': 2,","                'angular/module-name': 2,","                'angular/module-setter': 2,","                'angular/no-run-logic': 2,","                'angular/no-service-method': 2,","                'angular/provider-name': 2,","                'angular/service-name': 2,","                'angular/timeout-service': 2,","                'angular/value-name': 2,","                'angular/window-service': 2","            }","        },","        bestpractices: {","            plugins: [","                'angular'","            ],","            rules: {","                'angular/component-name': 2,","                'angular/constant-name': 2,","                'angular/controller-as-route': 2,","                'angular/controller-as-vm': 2,","                'angular/controller-as': 2,","                'angular/deferred': 2,","                'angular/di-unused': 2,","                'angular/directive-restrict': 2,","                'angular/empty-controller': 2,","                'angular/no-controller': 2,","                'angular/no-inline-template': 2,","                'angular/no-run-logic': 2,","                'angular/no-service-method': 2,","                'angular/no-services': 2,","                'angular/on-watch': 2,","                'angular/prefer-component': 2","            }","        }","    }","};",""],"l":{"5":1,"6":1,"8":1,"9":1,"11":1,"12":60,"13":60,"14":59,"18":1}},"/home/travis/build/npmtest/node-npmtest-eslint-plugin-angular/eslint-plugin-angular/rules/angularelement.js":{"path":"/home/travis/build/npmtest/node-npmtest-eslint-plugin-angular/eslint-plugin-angular/rules/angularelement.js","s":{"1":1,"2":0,"3":0,"4":0},"b":{"1":[0,0],"2":[0,0]},"f":{"1":0,"2":0},"fnMap":{"1":{"name":"(anonymous_1)","line":17,"loc":{"start":{"line":17,"column":12},"end":{"line":17,"column":30}}},"2":{"name":"(anonymous_2)","line":19,"loc":{"start":{"line":19,"column":28},"end":{"line":19,"column":43}}}},"statementMap":{"1":{"start":{"line":13,"column":0},"end":{"line":26,"column":2}},"2":{"start":{"line":18,"column":8},"end":{"line":24,"column":10}},"3":{"start":{"line":20,"column":16},"end":{"line":22,"column":17}},"4":{"start":{"line":21,"column":20},"end":{"line":21,"column":110}}},"branchMap":{"1":{"line":20,"type":"if","locations":[{"start":{"line":20,"column":16},"end":{"line":20,"column":16}},{"start":{"line":20,"column":16},"end":{"line":20,"column":16}}]},"2":{"line":20,"type":"binary-expr","locations":[{"start":{"line":20,"column":20},"end":{"line":20,"column":44}},{"start":{"line":20,"column":48},"end":{"line":20,"column":77}}]}},"code":["/**"," * use `angular.element` instead of `$` or `jQuery`"," *"," * The angular.element method should be used instead of the $ or jQuery object (if you are using jQuery of course)."," * If the jQuery library is imported, angular.element will be a wrapper around the jQuery object."," *"," * @version 0.1.0"," * @category angularWrapper"," * @sinceAngularVersion 1.x"," */","'use strict';","","module.exports = {","    meta: {","        schema: []","    },","    create: function(context) {","        return {","            CallExpression: function(node) {","                if (node.callee.name === '$' || node.callee.name === 'jQuery') {","                    context.report(node, 'You should use angular.element instead of the jQuery $ object', {});","                }","            }","        };","    }","};",""],"l":{"13":1,"18":0,"20":0,"21":0}},"/home/travis/build/npmtest/node-npmtest-eslint-plugin-angular/eslint-plugin-angular/rules/avoid-scope-typos.js":{"path":"/home/travis/build/npmtest/node-npmtest-eslint-plugin-angular/eslint-plugin-angular/rules/avoid-scope-typos.js","s":{"1":1,"2":1,"3":1,"4":0,"5":0,"6":0,"7":0},"b":{"1":[0,0]},"f":{"1":0,"2":0,"3":0},"fnMap":{"1":{"name":"(anonymous_1)","line":20,"loc":{"start":{"line":20,"column":12},"end":{"line":20,"column":30}}},"2":{"name":"check","line":21,"loc":{"start":{"line":21,"column":8},"end":{"line":21,"column":35}}},"3":{"name":"(anonymous_3)","line":28,"loc":{"start":{"line":28,"column":24},"end":{"line":28,"column":39}}}},"statementMap":{"1":{"start":{"line":12,"column":0},"end":{"line":14,"column":45}},"2":{"start":{"line":16,"column":0},"end":{"line":33,"column":2}},"3":{"start":{"line":21,"column":8},"end":{"line":25,"column":9}},"4":{"start":{"line":22,"column":12},"end":{"line":24,"column":13}},"5":{"start":{"line":23,"column":16},"end":{"line":23,"column":148}},"6":{"start":{"line":26,"column":8},"end":{"line":31,"column":10}},"7":{"start":{"line":29,"column":16},"end":{"line":29,"column":39}}},"branchMap":{"1":{"line":22,"type":"if","locations":[{"start":{"line":22,"column":12},"end":{"line":22,"column":12}},{"start":{"line":22,"column":12},"end":{"line":22,"column":12}}]}},"code":["/**"," * Avoid mistakes when naming methods defined on the scope object"," *"," * For example, you want to use $scope.$watch instead of $scope.watch"," *"," * @version 2.3.0"," * @category possibleError"," * @sinceAngularVersion 1.x"," */","'use strict';","","const bad = ['new', 'watch', 'watchGroup', 'watchCollection',","    'digest', 'destroy', 'eval', 'evalAsync', 'apply',","    'applyAsync', 'on', 'emit', 'broadcast'];","","module.exports = {","    meta: {","        schema: [ ]","    },","    create: function(context) {","        function check(node, name) {","            if (bad.indexOf(name) >= 0) {","                context.report(node, `The ${name} method should be replaced by $${name}, or you should rename it in order to avoid confusions`, {});","            }","        }","        return {","","            Identifier: function(node) {","                check(node, node.name);","            }","        };","    }","};",""],"l":{"12":1,"16":1,"21":1,"22":0,"23":0,"26":0,"29":0}},"/home/travis/build/npmtest/node-npmtest-eslint-plugin-angular/eslint-plugin-angular/rules/component-limit.js":{"path":"/home/travis/build/npmtest/node-npmtest-eslint-plugin-angular/eslint-plugin-angular/rules/component-limit.js","s":{"1":1,"2":1,"3":0,"4":0,"5":0,"6":1,"7":0,"8":0,"9":0,"10":0},"b":{"1":[0,0],"2":[0,0],"3":[0,0]},"f":{"1":0,"2":0},"fnMap":{"1":{"name":"(anonymous_1)","line":27,"loc":{"start":{"line":27,"column":24},"end":{"line":27,"column":42}}},"2":{"name":"checkLimit","line":32,"loc":{"start":{"line":32,"column":8},"end":{"line":32,"column":36}}}},"statementMap":{"1":{"start":{"line":18,"column":0},"end":{"line":18,"column":50}},"2":{"start":{"line":21,"column":0},"end":{"line":56,"column":2}},"3":{"start":{"line":28,"column":8},"end":{"line":28,"column":44}},"4":{"start":{"line":29,"column":8},"end":{"line":29,"column":22}},"5":{"start":{"line":30,"column":8},"end":{"line":30,"column":106}},"6":{"start":{"line":32,"column":8},"end":{"line":41,"column":9}},"7":{"start":{"line":33,"column":12},"end":{"line":33,"column":20}},"8":{"start":{"line":34,"column":12},"end":{"line":40,"column":13}},"9":{"start":{"line":35,"column":16},"end":{"line":39,"column":19}},"10":{"start":{"line":43,"column":8},"end":{"line":54,"column":10}}},"branchMap":{"1":{"line":28,"type":"binary-expr","locations":[{"start":{"line":28,"column":20},"end":{"line":28,"column":38}},{"start":{"line":28,"column":42},"end":{"line":28,"column":43}}]},"2":{"line":34,"type":"if","locations":[{"start":{"line":34,"column":12},"end":{"line":34,"column":12}},{"start":{"line":34,"column":12},"end":{"line":34,"column":12}}]},"3":{"line":37,"type":"cond-expr","locations":[{"start":{"line":37,"column":45},"end":{"line":37,"column":56}},{"start":{"line":37,"column":59},"end":{"line":37,"column":71}}]}},"code":["/**"," * limit the number of angular components per file"," *"," * The number of AngularJS components in one file should be limited."," * The default limit is one."," *"," * ### Options"," *"," * - The acceptable number of components. (Default: 1)"," *"," * @styleguideReference {johnpapa} `y001` Define 1 component per file"," * @version 0.11.0"," * @category bestPractice"," * @sinceAngularVersion 1.x"," */","'use strict';","","var angularRule = require('./utils/angular-rule');","","","module.exports = {","    meta: {","        schema: [{","            type: 'integer'","        }]","    },","    create: angularRule(function(context) {","        var limit = context.options[0] || 1;","        var count = 0;","        var msg = 'There may be at most {{limit}} AngularJS {{component}} per file, but found {{number}}';","","        function checkLimit(callee) {","            count++;","            if (count > limit) {","                context.report(callee, msg, {","                    limit: limit,","                    component: limit === 1 ? 'component' : 'components',","                    number: count","                });","            }","        }","","        return {","            'angular?animation': checkLimit,","            'angular?config': checkLimit,","            'angular?controller': checkLimit,","            'angular?directive': checkLimit,","            'angular?factory': checkLimit,","            'angular?filter': checkLimit,","            'angular?provider': checkLimit,","            'angular?run': checkLimit,","            'angular?service': checkLimit,","            'angular?component': checkLimit","        };","    })","};",""],"l":{"18":1,"21":1,"28":0,"29":0,"30":0,"32":1,"33":0,"34":0,"35":0,"43":0}},"/home/travis/build/npmtest/node-npmtest-eslint-plugin-angular/eslint-plugin-angular/rules/utils/angular-rule.js":{"path":"/home/travis/build/npmtest/node-npmtest-eslint-plugin-angular/eslint-plugin-angular/rules/utils/angular-rule.js","s":{"1":1,"2":1,"3":1,"4":8,"5":8,"6":8,"7":8,"8":8,"9":8,"10":1,"11":0,"12":0,"13":0,"14":0,"15":0,"16":1,"17":0,"18":0,"19":0,"20":0,"21":0,"22":1,"23":0,"24":0,"25":1,"26":0,"27":0,"28":0,"29":1,"30":0,"31":0,"32":0,"33":0,"34":0,"35":0,"36":0,"37":0,"38":0,"39":0,"40":0,"41":0,"42":0,"43":0,"44":0,"45":0,"46":0,"47":0,"48":0,"49":0,"50":0,"51":0,"52":0,"53":0,"54":0,"55":1,"56":0,"57":0,"58":0,"59":0,"60":0,"61":0,"62":0,"63":0,"64":0,"65":0,"66":0,"67":0,"68":0,"69":0,"70":0,"71":0,"72":0,"73":0,"74":0,"75":0,"76":0,"77":0,"78":0,"79":1,"80":0,"81":0,"82":0,"83":0,"84":0,"85":0,"86":0,"87":0,"88":0,"89":0,"90":1,"91":0,"92":0,"93":0,"94":1,"95":0,"96":1,"97":0,"98":0,"99":0,"100":0,"101":0,"102":0,"103":0,"104":0,"105":0,"106":0,"107":0,"108":0,"109":0,"110":0,"111":0},"b":{"1":[0,0],"2":[0,0],"3":[0,0],"4":[0,0],"5":[0,0],"6":[0,0],"7":[0,0],"8":[0,0,0],"9":[0,0],"10":[0,0],"11":[0,0],"12":[0,0],"13":[0,0],"14":[0,0],"15":[0,0],"16":[0,0],"17":[0,0],"18":[0,0],"19":[0,0],"20":[0,0,0],"21":[0,0],"22":[0,0],"23":[0,0],"24":[0,0],"25":[0,0],"26":[0,0,0,0,0,0,0,0,0,0],"27":[0,0],"28":[0,0],"29":[0,0],"30":[0,0],"31":[0,0],"32":[0,0],"33":[0,0]},"f":{"1":8,"2":0,"3":0,"4":0,"5":0,"6":0,"7":0,"8":0,"9":0,"10":0,"11":0,"12":0,"13":0,"14":0,"15":0,"16":0,"17":0,"18":0},"fnMap":{"1":{"name":"angularRule","line":47,"loc":{"start":{"line":47,"column":0},"end":{"line":47,"column":37}}},"2":{"name":"reset","line":56,"loc":{"start":{"line":56,"column":4},"end":{"line":56,"column":21}}},"3":{"name":"wrapper","line":67,"loc":{"start":{"line":67,"column":4},"end":{"line":67,"column":30}}},"4":{"name":"injectCall","line":78,"loc":{"start":{"line":78,"column":4},"end":{"line":78,"column":67}}},"5":{"name":"callBoth","line":82,"loc":{"start":{"line":82,"column":8},"end":{"line":82,"column":32}}},"6":{"name":"checkCallee","line":126,"loc":{"start":{"line":126,"column":4},"end":{"line":126,"column":66}}},"7":{"name":"(anonymous_7)","line":156,"loc":{"start":{"line":156,"column":59},"end":{"line":156,"column":78}}},"8":{"name":"(anonymous_8)","line":160,"loc":{"start":{"line":160,"column":53},"end":{"line":160,"column":66}}},"9":{"name":"findFunctionByNode","line":187,"loc":{"start":{"line":187,"column":4},"end":{"line":187,"column":59}}},"10":{"name":"(anonymous_10)","line":210,"loc":{"start":{"line":210,"column":29},"end":{"line":210,"column":48}}},"11":{"name":"(anonymous_11)","line":212,"loc":{"start":{"line":212,"column":38},"end":{"line":212,"column":52}}},"12":{"name":"callAngularRules","line":227,"loc":{"start":{"line":227,"column":4},"end":{"line":227,"column":51}}},"13":{"name":"(anonymous_13)","line":228,"loc":{"start":{"line":228,"column":34},"end":{"line":228,"column":54}}},"14":{"name":"(anonymous_14)","line":238,"loc":{"start":{"line":238,"column":32},"end":{"line":238,"column":47}}},"15":{"name":"assembleArguments","line":247,"loc":{"start":{"line":247,"column":4},"end":{"line":247,"column":37}}},"16":{"name":"assembleProviderArguments","line":269,"loc":{"start":{"line":269,"column":4},"end":{"line":269,"column":45}}},"17":{"name":"findProviderGet","line":276,"loc":{"start":{"line":276,"column":4},"end":{"line":276,"column":41}}},"18":{"name":"(anonymous_18)","line":281,"loc":{"start":{"line":281,"column":34},"end":{"line":281,"column":54}}}},"statementMap":{"1":{"start":{"line":3,"column":0},"end":{"line":3,"column":29}},"2":{"start":{"line":9,"column":0},"end":{"line":22,"column":2}},"3":{"start":{"line":47,"column":0},"end":{"line":299,"column":1}},"4":{"start":{"line":48,"column":4},"end":{"line":48,"column":26}},"5":{"start":{"line":49,"column":4},"end":{"line":49,"column":27}},"6":{"start":{"line":50,"column":4},"end":{"line":50,"column":33}},"7":{"start":{"line":51,"column":4},"end":{"line":51,"column":26}},"8":{"start":{"line":52,"column":4},"end":{"line":52,"column":20}},"9":{"start":{"line":54,"column":4},"end":{"line":54,"column":19}},"10":{"start":{"line":56,"column":4},"end":{"line":62,"column":5}},"11":{"start":{"line":57,"column":8},"end":{"line":57,"column":31}},"12":{"start":{"line":58,"column":8},"end":{"line":58,"column":32}},"13":{"start":{"line":59,"column":8},"end":{"line":59,"column":38}},"14":{"start":{"line":60,"column":8},"end":{"line":60,"column":31}},"15":{"start":{"line":61,"column":8},"end":{"line":61,"column":25}},"16":{"start":{"line":67,"column":4},"end":{"line":73,"column":5}},"17":{"start":{"line":68,"column":8},"end":{"line":68,"column":16}},"18":{"start":{"line":69,"column":8},"end":{"line":69,"column":49}},"19":{"start":{"line":70,"column":8},"end":{"line":70,"column":76}},"20":{"start":{"line":71,"column":8},"end":{"line":71,"column":74}},"21":{"start":{"line":72,"column":8},"end":{"line":72,"column":26}},"22":{"start":{"line":78,"column":4},"end":{"line":88,"column":5}},"23":{"start":{"line":79,"column":8},"end":{"line":79,"column":44}},"24":{"start":{"line":80,"column":8},"end":{"line":80,"column":40}},"25":{"start":{"line":82,"column":8},"end":{"line":87,"column":9}},"26":{"start":{"line":83,"column":12},"end":{"line":85,"column":13}},"27":{"start":{"line":84,"column":16},"end":{"line":84,"column":48}},"28":{"start":{"line":86,"column":12},"end":{"line":86,"column":50}},"29":{"start":{"line":126,"column":4},"end":{"line":182,"column":5}},"30":{"start":{"line":127,"column":8},"end":{"line":127,"column":47}},"31":{"start":{"line":128,"column":8},"end":{"line":138,"column":9}},"32":{"start":{"line":129,"column":12},"end":{"line":136,"column":13}},"33":{"start":{"line":132,"column":16},"end":{"line":135,"column":19}},"34":{"start":{"line":137,"column":12},"end":{"line":137,"column":19}},"35":{"start":{"line":139,"column":8},"end":{"line":181,"column":9}},"36":{"start":{"line":140,"column":12},"end":{"line":175,"column":13}},"37":{"start":{"line":143,"column":16},"end":{"line":143,"column":60}},"38":{"start":{"line":144,"column":19},"end":{"line":175,"column":13}},"39":{"start":{"line":147,"column":16},"end":{"line":147,"column":59}},"40":{"start":{"line":148,"column":16},"end":{"line":151,"column":19}},"41":{"start":{"line":152,"column":19},"end":{"line":175,"column":13}},"42":{"start":{"line":155,"column":16},"end":{"line":155,"column":47}},"43":{"start":{"line":156,"column":16},"end":{"line":163,"column":19}},"44":{"start":{"line":157,"column":20},"end":{"line":159,"column":21}},"45":{"start":{"line":158,"column":24},"end":{"line":158,"column":37}},"46":{"start":{"line":160,"column":20},"end":{"line":162,"column":23}},"47":{"start":{"line":161,"column":24},"end":{"line":161,"column":75}},"48":{"start":{"line":164,"column":16},"end":{"line":172,"column":17}},"49":{"start":{"line":165,"column":20},"end":{"line":165,"column":63}},"50":{"start":{"line":166,"column":20},"end":{"line":169,"column":23}},"51":{"start":{"line":171,"column":20},"end":{"line":171,"column":27}},"52":{"start":{"line":174,"column":16},"end":{"line":174,"column":23}},"53":{"start":{"line":176,"column":12},"end":{"line":180,"column":13}},"54":{"start":{"line":179,"column":16},"end":{"line":179,"column":76}},"55":{"start":{"line":187,"column":4},"end":{"line":222,"column":5}},"56":{"start":{"line":188,"column":8},"end":{"line":188,"column":17}},"57":{"start":{"line":189,"column":8},"end":{"line":195,"column":9}},"58":{"start":{"line":190,"column":12},"end":{"line":190,"column":51}},"59":{"start":{"line":191,"column":15},"end":{"line":195,"column":9}},"60":{"start":{"line":192,"column":12},"end":{"line":192,"column":51}},"61":{"start":{"line":194,"column":12},"end":{"line":194,"column":51}},"62":{"start":{"line":196,"column":8},"end":{"line":198,"column":9}},"63":{"start":{"line":197,"column":12},"end":{"line":197,"column":19}},"64":{"start":{"line":199,"column":8},"end":{"line":201,"column":9}},"65":{"start":{"line":200,"column":12},"end":{"line":200,"column":65}},"66":{"start":{"line":202,"column":8},"end":{"line":204,"column":9}},"67":{"start":{"line":203,"column":12},"end":{"line":203,"column":24}},"68":{"start":{"line":205,"column":8},"end":{"line":207,"column":9}},"69":{"start":{"line":206,"column":12},"end":{"line":206,"column":19}},"70":{"start":{"line":209,"column":8},"end":{"line":209,"column":17}},"71":{"start":{"line":210,"column":8},"end":{"line":220,"column":11}},"72":{"start":{"line":211,"column":12},"end":{"line":219,"column":13}},"73":{"start":{"line":212,"column":16},"end":{"line":217,"column":19}},"74":{"start":{"line":213,"column":20},"end":{"line":216,"column":21}},"75":{"start":{"line":214,"column":24},"end":{"line":214,"column":40}},"76":{"start":{"line":215,"column":24},"end":{"line":215,"column":36}},"77":{"start":{"line":218,"column":16},"end":{"line":218,"column":28}},"78":{"start":{"line":221,"column":8},"end":{"line":221,"column":20}},"79":{"start":{"line":227,"column":4},"end":{"line":242,"column":5}},"80":{"start":{"line":228,"column":8},"end":{"line":235,"column":11}},"81":{"start":{"line":229,"column":12},"end":{"line":229,"column":69}},"82":{"start":{"line":230,"column":12},"end":{"line":230,"column":51}},"83":{"start":{"line":231,"column":12},"end":{"line":233,"column":13}},"84":{"start":{"line":232,"column":16},"end":{"line":232,"column":23}},"85":{"start":{"line":234,"column":12},"end":{"line":234,"column":72}},"86":{"start":{"line":236,"column":8},"end":{"line":236,"column":54}},"87":{"start":{"line":237,"column":8},"end":{"line":241,"column":9}},"88":{"start":{"line":238,"column":12},"end":{"line":240,"column":15}},"89":{"start":{"line":239,"column":16},"end":{"line":239,"column":74}},"90":{"start":{"line":247,"column":4},"end":{"line":262,"column":5}},"91":{"start":{"line":248,"column":8},"end":{"line":261,"column":9}},"92":{"start":{"line":258,"column":16},"end":{"line":258,"column":61}},"93":{"start":{"line":260,"column":16},"end":{"line":260,"column":55}},"94":{"start":{"line":269,"column":4},"end":{"line":271,"column":5}},"95":{"start":{"line":270,"column":8},"end":{"line":270,"column":72}},"96":{"start":{"line":276,"column":4},"end":{"line":298,"column":5}},"97":{"start":{"line":277,"column":8},"end":{"line":279,"column":9}},"98":{"start":{"line":278,"column":12},"end":{"line":278,"column":19}},"99":{"start":{"line":280,"column":8},"end":{"line":280,"column":18}},"100":{"start":{"line":281,"column":8},"end":{"line":290,"column":11}},"101":{"start":{"line":282,"column":12},"end":{"line":282,"column":50}},"102":{"start":{"line":283,"column":12},"end":{"line":285,"column":13}},"103":{"start":{"line":284,"column":16},"end":{"line":284,"column":23}},"104":{"start":{"line":286,"column":12},"end":{"line":289,"column":13}},"105":{"start":{"line":287,"column":16},"end":{"line":287,"column":41}},"106":{"start":{"line":288,"column":16},"end":{"line":288,"column":28}},"107":{"start":{"line":291,"column":8},"end":{"line":293,"column":9}},"108":{"start":{"line":292,"column":12},"end":{"line":292,"column":19}},"109":{"start":{"line":294,"column":8},"end":{"line":296,"column":9}},"110":{"start":{"line":295,"column":12},"end":{"line":295,"column":61}},"111":{"start":{"line":297,"column":8},"end":{"line":297,"column":21}}},"branchMap":{"1":{"line":83,"type":"if","locations":[{"start":{"line":83,"column":12},"end":{"line":83,"column":12}},{"start":{"line":83,"column":12},"end":{"line":83,"column":12}}]},"2":{"line":128,"type":"if","locations":[{"start":{"line":128,"column":8},"end":{"line":128,"column":8}},{"start":{"line":128,"column":8},"end":{"line":128,"column":8}}]},"3":{"line":129,"type":"if","locations":[{"start":{"line":129,"column":12},"end":{"line":129,"column":12}},{"start":{"line":129,"column":12},"end":{"line":129,"column":12}}]},"4":{"line":139,"type":"if","locations":[{"start":{"line":139,"column":8},"end":{"line":139,"column":8}},{"start":{"line":139,"column":8},"end":{"line":139,"column":8}}]},"5":{"line":140,"type":"if","locations":[{"start":{"line":140,"column":12},"end":{"line":140,"column":12}},{"start":{"line":140,"column":12},"end":{"line":140,"column":12}}]},"6":{"line":140,"type":"binary-expr","locations":[{"start":{"line":140,"column":16},"end":{"line":140,"column":48}},{"start":{"line":140,"column":52},"end":{"line":140,"column":85}}]},"7":{"line":144,"type":"if","locations":[{"start":{"line":144,"column":19},"end":{"line":144,"column":19}},{"start":{"line":144,"column":19},"end":{"line":144,"column":19}}]},"8":{"line":144,"type":"binary-expr","locations":[{"start":{"line":144,"column":23},"end":{"line":144,"column":81}},{"start":{"line":144,"column":86},"end":{"line":144,"column":134}},{"start":{"line":144,"column":138},"end":{"line":144,"column":185}}]},"9":{"line":152,"type":"if","locations":[{"start":{"line":152,"column":19},"end":{"line":152,"column":19}},{"start":{"line":152,"column":19},"end":{"line":152,"column":19}}]},"10":{"line":157,"type":"if","locations":[{"start":{"line":157,"column":20},"end":{"line":157,"column":20}},{"start":{"line":157,"column":20},"end":{"line":157,"column":20}}]},"11":{"line":164,"type":"if","locations":[{"start":{"line":164,"column":16},"end":{"line":164,"column":16}},{"start":{"line":164,"column":16},"end":{"line":164,"column":16}}]},"12":{"line":176,"type":"if","locations":[{"start":{"line":176,"column":12},"end":{"line":176,"column":12}},{"start":{"line":176,"column":12},"end":{"line":176,"column":12}}]},"13":{"line":189,"type":"if","locations":[{"start":{"line":189,"column":8},"end":{"line":189,"column":8}},{"start":{"line":189,"column":8},"end":{"line":189,"column":8}}]},"14":{"line":191,"type":"if","locations":[{"start":{"line":191,"column":15},"end":{"line":191,"column":15}},{"start":{"line":191,"column":15},"end":{"line":191,"column":15}}]},"15":{"line":191,"type":"binary-expr","locations":[{"start":{"line":191,"column":19},"end":{"line":191,"column":68}},{"start":{"line":191,"column":72},"end":{"line":191,"column":124}}]},"16":{"line":196,"type":"if","locations":[{"start":{"line":196,"column":8},"end":{"line":196,"column":8}},{"start":{"line":196,"column":8},"end":{"line":196,"column":8}}]},"17":{"line":199,"type":"if","locations":[{"start":{"line":199,"column":8},"end":{"line":199,"column":8}},{"start":{"line":199,"column":8},"end":{"line":199,"column":8}}]},"18":{"line":200,"type":"binary-expr","locations":[{"start":{"line":200,"column":19},"end":{"line":200,"column":58}},{"start":{"line":200,"column":62},"end":{"line":200,"column":64}}]},"19":{"line":202,"type":"if","locations":[{"start":{"line":202,"column":8},"end":{"line":202,"column":8}},{"start":{"line":202,"column":8},"end":{"line":202,"column":8}}]},"20":{"line":202,"type":"binary-expr","locations":[{"start":{"line":202,"column":12},"end":{"line":202,"column":46}},{"start":{"line":202,"column":50},"end":{"line":202,"column":89}},{"start":{"line":202,"column":93},"end":{"line":202,"column":128}}]},"21":{"line":205,"type":"if","locations":[{"start":{"line":205,"column":8},"end":{"line":205,"column":8}},{"start":{"line":205,"column":8},"end":{"line":205,"column":8}}]},"22":{"line":211,"type":"if","locations":[{"start":{"line":211,"column":12},"end":{"line":211,"column":12}},{"start":{"line":211,"column":12},"end":{"line":211,"column":12}}]},"23":{"line":213,"type":"if","locations":[{"start":{"line":213,"column":20},"end":{"line":213,"column":20}},{"start":{"line":213,"column":20},"end":{"line":213,"column":20}}]},"24":{"line":231,"type":"if","locations":[{"start":{"line":231,"column":12},"end":{"line":231,"column":12}},{"start":{"line":231,"column":12},"end":{"line":231,"column":12}}]},"25":{"line":237,"type":"if","locations":[{"start":{"line":237,"column":8},"end":{"line":237,"column":8}},{"start":{"line":237,"column":8},"end":{"line":237,"column":8}}]},"26":{"line":248,"type":"switch","locations":[{"start":{"line":249,"column":12},"end":{"line":249,"column":29}},{"start":{"line":250,"column":12},"end":{"line":250,"column":29}},{"start":{"line":251,"column":12},"end":{"line":251,"column":26}},{"start":{"line":252,"column":12},"end":{"line":252,"column":30}},{"start":{"line":253,"column":12},"end":{"line":253,"column":29}},{"start":{"line":254,"column":12},"end":{"line":254,"column":27}},{"start":{"line":255,"column":12},"end":{"line":255,"column":26}},{"start":{"line":256,"column":12},"end":{"line":256,"column":23}},{"start":{"line":257,"column":12},"end":{"line":258,"column":61}},{"start":{"line":259,"column":12},"end":{"line":260,"column":55}}]},"27":{"line":277,"type":"if","locations":[{"start":{"line":277,"column":8},"end":{"line":277,"column":8}},{"start":{"line":277,"column":8},"end":{"line":277,"column":8}}]},"28":{"line":283,"type":"if","locations":[{"start":{"line":283,"column":12},"end":{"line":283,"column":12}},{"start":{"line":283,"column":12},"end":{"line":283,"column":12}}]},"29":{"line":283,"type":"binary-expr","locations":[{"start":{"line":283,"column":16},"end":{"line":283,"column":27}},{"start":{"line":283,"column":31},"end":{"line":283,"column":73}}]},"30":{"line":286,"type":"if","locations":[{"start":{"line":286,"column":12},"end":{"line":286,"column":12}},{"start":{"line":286,"column":12},"end":{"line":286,"column":12}}]},"31":{"line":286,"type":"binary-expr","locations":[{"start":{"line":286,"column":16},"end":{"line":286,"column":59}},{"start":{"line":286,"column":63},"end":{"line":286,"column":103}}]},"32":{"line":291,"type":"if","locations":[{"start":{"line":291,"column":8},"end":{"line":291,"column":8}},{"start":{"line":291,"column":8},"end":{"line":291,"column":8}}]},"33":{"line":294,"type":"if","locations":[{"start":{"line":294,"column":8},"end":{"line":294,"column":8}},{"start":{"line":294,"column":8},"end":{"line":294,"column":8}}]}},"code":["'use strict';","","module.exports = angularRule;","","","/**"," * Method names from an AngularJS module which can be chained."," */","var angularChainableNames = [","    'animation',","    'component',","    'config',","    'constant',","    'controller',","    'directive',","    'factory',","    'filter',","    'provider',","    'run',","    'service',","    'value'","];","","","/**"," * An angularRule defines a simplified interface for AngularJS component based rules."," *"," * A full rule definition containing rules for all supported rules looks like this:"," * ```js"," * module.exports = angularRule(function(context) {"," *   return {"," *     'angular?animation': function(configCallee, configFn) {},"," *     'angular?component': function(componentCallee, componentObj) {},"," *     'angular?config': function(configCallee, configFn) {},"," *     'angular?controller': funct
[...]
:13}},"5":{"start":{"line":21,"column":16},"end":{"line":21,"column":89}},"6":{"start":{"line":25,"column":8},"end":{"line":35,"column":10}},"7":{"start":{"line":27,"column":16},"end":{"line":33,"column":17}},"8":{"start":{"line":28,"column":20},"end":{"line":32,"column":21}},"9":{"start":{"line":29,"column":24},"end":{"line":29,"column":54}},"10":{"start":{"line":30,"column":27},"end":{"line":32,"column":21}},"11":{"start":{"line":31,"column":24},"end":{"line":31,"column":53}}},"branchMap":{"1":{"line":20,"type":"if","locations":[{"start":{"line":20,"column":12},"end":{"line":20,"column":12}},{"start":{"line":20,"column":12},"end":{"line":20,"column":12}}]},"2":{"line":20,"type":"binary-expr","locations":[{"start":{"line":20,"column":16},"end":{"line":20,"column":39}},{"start":{"line":20,"column":44},"end":{"line":20,"column":67}},{"start":{"line":20,"column":71},"end":{"line":20,"column":103}}]},"3":{"line":27,"type":"if","locations":[{"start":{"line":27,"column":16},"end":{"line":27,"column":16}},{"start":{"line":27,"column":16},"end":{"line":27,"column":16}}]},"4":{"line":27,"type":"binary-expr","locations":[{"start":{"line":27,"column":20},"end":{"line":27,"column":43}},{"start":{"line":27,"column":47},"end":{"line":27,"column":70}}]},"5":{"line":28,"type":"if","locations":[{"start":{"line":28,"column":20},"end":{"line":28,"column":20}},{"start":{"line":28,"column":20},"end":{"line":28,"column":20}}]},"6":{"line":28,"type":"binary-expr","locations":[{"start":{"line":28,"column":24},"end":{"line":28,"column":58}},{"start":{"line":28,"column":62},"end":{"line":28,"column":98}}]},"7":{"line":30,"type":"if","locations":[{"start":{"line":30,"column":27},"end":{"line":30,"column":27}},{"start":{"line":30,"column":27},"end":{"line":30,"column":27}}]},"8":{"line":30,"type":"binary-expr","locations":[{"start":{"line":30,"column":31},"end":{"line":30,"column":66}},{"start":{"line":30,"column":70},"end":{"line":30,"column":107}}]}},"code":["/**"," * use `angular.isObject` instead of `typeof` comparisons"," *"," * You should use the angular.isObject method instead of the default JavaScript implementation (typeof {} === \"[object Object]\")."," *"," * @version 0.1.0"," * @category angularWrapper"," * @sinceAngularVersion 1.x"," */","'use strict';","","var utils = require('./utils/utils');","","module.exports = {","    meta: {","        schema: []","    },","    create: function(context) {","        function recordError(node, origin) {","            if (node.type === 'Literal' && (node.value === 'object' || node.value === '[object Object]')) {","                context.report(origin, 'You should use the angular.isObject method', {});","            }","        }","","        return {","            BinaryExpression: function(node) {","                if (node.operator === '===' || node.operator === '!==') {","                    if (utils.isTypeOfStatement(node.left) || utils.isToStringStatement(node.left)) {","                        recordError(node.right, node);","                    } else if (utils.isTypeOfStatement(node.right) || utils.isToStringStatement(node.right)) {","                        recordError(node.left, node);","                    }","                }","            }","        };","    }","};",""],"l":{"12":1,"14":1,"19":1,"20":0,"21":0,"25":0,"27":0,"28":0,"29":0,"30":0,"31":0}},"/home/travis/build/npmtest/node-npmtest-eslint-plugin-angular/eslint-plugin-angular/rules/typecheck-string.js":{"path":"/home/travis/build/npmtest/node-npmtest-eslint-plugin-angular/eslint-plugin-angular/rules/typecheck-string.js","s":{"1":1,"2":1,"3":1,"4":0,"5":0,"6":0,"7":0,"8":0,"9":0,"10":0,"11":0},"b":{"1":[0,0],"2":[0,0,0],"3":[0,0],"4":[0,0],"5":[0,0],"6":[0,0],"7":[0,0],"8":[0,0]},"f":{"1":0,"2":0,"3":0},"fnMap":{"1":{"name":"(anonymous_1)","line":18,"loc":{"start":{"line":18,"column":12},"end":{"line":18,"column":30}}},"2":{"name":"recordError","line":19,"loc":{"start":{"line":19,"column":8},"end":{"line":19,"column":43}}},"3":{"name":"(anonymous_3)","line":27,"loc":{"start":{"line":27,"column":30},"end":{"line":27,"column":45}}}},"statementMap":{"1":{"start":{"line":12,"column":0},"end":{"line":12,"column":37}},"2":{"start":{"line":14,"column":0},"end":{"line":38,"column":2}},"3":{"start":{"line":19,"column":8},"end":{"line":23,"column":9}},"4":{"start":{"line":20,"column":12},"end":{"line":22,"column":13}},"5":{"start":{"line":21,"column":16},"end":{"line":21,"column":89}},"6":{"start":{"line":25,"column":8},"end":{"line":36,"column":10}},"7":{"start":{"line":28,"column":16},"end":{"line":34,"column":17}},"8":{"start":{"line":29,"column":20},"end":{"line":33,"column":21}},"9":{"start":{"line":30,"column":24},"end":{"line":30,"column":54}},"10":{"start":{"line":31,"column":27},"end":{"line":33,"column":21}},"11":{"start":{"line":32,"column":24},"end":{"line":32,"column":53}}},"branchMap":{"1":{"line":20,"type":"if","locations":[{"start":{"line":20,"column":12},"end":{"line":20,"column":12}},{"start":{"line":20,"column":12},"end":{"line":20,"column":12}}]},"2":{"line":20,"type":"binary-expr","locations":[{"start":{"line":20,"column":16},"end":{"line":20,"column":39}},{"start":{"line":20,"column":44},"end":{"line":20,"column":67}},{"start":{"line":20,"column":71},"end":{"line":20,"column":103}}]},"3":{"line":28,"type":"if","locations":[{"start":{"line":28,"column":16},"end":{"line":28,"column":16}},{"start":{"line":28,"column":16},"end":{"line":28,"column":16}}]},"4":{"line":28,"type":"binary-expr","locations":[{"start":{"line":28,"column":20},"end":{"line":28,"column":43}},{"start":{"line":28,"column":47},"end":{"line":28,"column":70}}]},"5":{"line":29,"type":"if","locations":[{"start":{"line":29,"column":20},"end":{"line":29,"column":20}},{"start":{"line":29,"column":20},"end":{"line":29,"column":20}}]},"6":{"line":29,"type":"binary-expr","locations":[{"start":{"line":29,"column":24},"end":{"line":29,"column":58}},{"start":{"line":29,"column":62},"end":{"line":29,"column":98}}]},"7":{"line":31,"type":"if","locations":[{"start":{"line":31,"column":27},"end":{"line":31,"column":27}},{"start":{"line":31,"column":27},"end":{"line":31,"column":27}}]},"8":{"line":31,"type":"binary-expr","locations":[{"start":{"line":31,"column":31},"end":{"line":31,"column":66}},{"start":{"line":31,"column":70},"end":{"line":31,"column":107}}]}},"code":["/**"," * use `angular.isString` instead of `typeof` comparisons"," *"," * You should use the angular.isString method instead of the default JavaScript implementation (typeof \"\" === \"[object String]\")."," *"," * @version 0.1.0"," * @category angularWrapper"," * @sinceAngularVersion 1.x"," */","'use strict';","","var utils = require('./utils/utils');","","module.exports = {","    meta: {","        schema: []","    },","    create: function(context) {","        function recordError(node, origin) {","            if (node.type === 'Literal' && (node.value === 'string' || node.value === '[object String]')) {","                context.report(origin, 'You should use the angular.isString method', {});","            }","        }","","        return {","","            BinaryExpression: function(node) {","                if (node.operator === '===' || node.operator === '!==') {","                    if (utils.isTypeOfStatement(node.left) || utils.isToStringStatement(node.left)) {","                        recordError(node.right, node);","                    } else if (utils.isTypeOfStatement(node.right) || utils.isToStringStatement(node.right)) {","                        recordError(node.left, node);","                    }","                }","            }","        };","    }","};",""],"l":{"12":1,"14":1,"19":1,"20":0,"21":0,"25":0,"28":0,"29":0,"30":0,"31":0,"32":0}},"/home/travis/build/npmtest/node-npmtest-eslint-plugin-angular/eslint-plugin-angular/rules/value-name.js":{"path":"/home/travis/build/npmtest/node-npmtest-eslint-plugin-angular/eslint-plugin-angular/rules/value-name.js","s":{"1":1,"2":1,"3":0,"4":0,"5":0,"6":0,"7":0,"8":0,"9":0,"10":0,"11":0,"12":0,"13":0,"14":0,"15":0,"16":0,"17":0,"18":0},"b":{"1":[0,0],"2":[0,0],"3":[0,0],"4":[0,0],"5":[0,0],"6":[0,0],"7":[0,0],"8":[0,0]},"f":{"1":0,"2":0},"fnMap":{"1":{"name":"(anonymous_1)","line":24,"loc":{"start":{"line":24,"column":12},"end":{"line":24,"column":30}}},"2":{"name":"(anonymous_2)","line":27,"loc":{"start":{"line":27,"column":28},"end":{"line":27,"column":43}}}},"statementMap":{"1":{"start":{"line":15,"column":0},"end":{"line":15,"column":37}},"2":{"start":{"line":18,"column":0},"end":{"line":63,"column":2}},"3":{"start":{"line":25,"column":8},"end":{"line":61,"column":10}},"4":{"start":{"line":28,"column":16},"end":{"line":28,"column":48}},"5":{"start":{"line":29,"column":16},"end":{"line":29,"column":36}},"6":{"start":{"line":30,"column":16},"end":{"line":30,"column":28}},"7":{"start":{"line":32,"column":16},"end":{"line":34,"column":17}},"8":{"start":{"line":33,"column":20},"end":{"line":33,"column":27}},"9":{"start":{"line":36,"column":16},"end":{"line":36,"column":69}},"10":{"start":{"line":37,"column":16},"end":{"line":37,"column":64}},"11":{"start":{"line":39,"column":16},"end":{"line":59,"column":17}},"12":{"start":{"line":40,"column":20},"end":{"line":40,"column":55}},"13":{"start":{"line":42,"column":20},"end":{"line":58,"column":21}},"14":{"start":{"line":43,"column":24},"end":{"line":45,"column":27}},"15":{"start":{"line":46,"column":27},"end":{"line":58,"column":21}},"16":{"start":{"line":47,"column":24},"end":{"line":57,"column":25}},"17":{"start":{"line":48,"column":28},"end":{"line":51,"column":31}},"18":{"start":{"line":53,"column":28},"end":{"line":56,"column":31}}},"branchMap":{"1":{"line":32,"type":"if","locations":[{"start":{"line":32,"column":16},"end":{"line":32,"column":16}},{"start":{"line":32,"column":16},"end":{"line":32,"column":16}}]},"2":{"line":39,"type":"if","locations":[{"start":{"line":39,"column":16},"end":{"line":39,"column":16}},{"start":{"line":39,"column":16},"end":{"line":39,"column":16}}]},"3":{"line":42,"type":"if","locations":[{"start":{"line":42,"column":20},"end":{"line":42,"column":20}},{"start":{"line":42,"column":20},"end":{"line":42,"column":20}}]},"4":{"line":42,"type":"binary-expr","locations":[{"start":{"line":42,"column":24},"end":{"line":42,"column":42}},{"start":{"line":42,"column":46},"end":{"line":42,"column":69}}]},"5":{"line":46,"type":"if","locations":[{"start":{"line":46,"column":27},"end":{"line":46,"column":27}},{"start":{"line":46,"column":27},"end":{"line":46,"column":27}}]},"6":{"line":46,"type":"binary-expr","locations":[{"start":{"line":46,"column":31},"end":{"line":46,"column":49}},{"start":{"line":46,"column":53},"end":{"line":46,"column":80}}]},"7":{"line":47,"type":"if","locations":[{"start":{"line":47,"column":24},"end":{"line":47,"column":24}},{"start":{"line":47,"column":24},"end":{"line":47,"column":24}}]},"8":{"line":47,"type":"binary-expr","locations":[{"start":{"line":47,"column":28},"end":{"line":47,"column":54}},{"start":{"line":47,"column":58},"end":{"line":47,"column":87}}]}},"code":["/**"," * require and specify a prefix for all value names"," *"," * All your values should have a name starting with the parameter you can define in your config object."," * The second parameter can be a Regexp wrapped in quotes."," * You can not prefix your values by \"$\" (reserved keyword for AngularJS services) (\"value-name\":  [2, \"ng\"])"," **"," * @styleguideReference {johnpapa} `y125` Naming - Factory and Service Names"," * @version 0.1.0"," * @category naming"," */","'use strict';","","","var utils = require('./utils/utils');","","","module.exports = {","    meta: {","        schema: [{","            type: ['string', 'object']","        }]","    },","    create: function(context) {","        return {","","            CallExpression: function(node) {","                var prefix = context.options[0];","                var convertedPrefix; // convert string from JSON .eslintrc to regex","                var isValue;","","                if (prefix === undefined) {","                    return;","                }","","                convertedPrefix = utils.convertPrefixToRegex(prefix);","                isValue = utils.isAngularValueDeclaration(node);","","                if (isValue) {","                    var name = node.arguments[0].value;","","                    if (name !== undefined && name.indexOf('$') === 0) {","                        context.report(node, 'The {{value}} value should not start with \"$\". This is reserved for AngularJS services', {","                            value: name","                        });","                    } else if (name !== undefined && !convertedPrefix.test(name)) {","                        if (typeof prefix === 'string' && !utils.isStringRegexp(prefix)) {","                            context.report(node, 'The {{value}} value should be prefixed by {{prefix}}', {","                                value: name,","                                prefix: prefix","                            });","                        } else {","                            context.report(node, 'The {{value}} value should follow this pattern: {{prefix}}', {","                                value: name,","                                prefix: prefix.toString()","                            });","                        }","                    }","                }","            }","        };","    }","};",""],"l":{"15":1,"18":1,"25":0,"28":0,"29":0,"30":0,"32":0,"33":0,"36":0,"37":0,"39":0,"40":0,"42":0,"43":0,"46":0,"47":0,"48":0,"53":0}},"/home/travis/build/npmtest/node-npmtest-eslint-plugin-angular/eslint-plugin-angular/rules/watchers-execution.js":{"path":"/home/travis/build/npmtest/node-npmtest-eslint-plugin-angular/eslint-plugin-angular/rules/watchers-execution.js","s":{"1":1,"2":0,"3":0,"4":0,"5":0,"6":0,"7":0,"8":0},"b":{"1":[0,0],"2":[0,0],"3":[0,0,0]},"f":{"1":0,"2":0,"3":0},"fnMap":{"1":{"name":"(anonymous_1)","line":19,"loc":{"start":{"line":19,"column":12},"end":{"line":19,"column":30}}},"2":{"name":"(anonymous_2)","line":24,"loc":{"start":{"line":24,"column":30},"end":{"line":24,"column":45}}},"3":{"name":"(anonymous_3)","line":25,"loc":{"start":{"line":25,"column":53},"end":{"line":25,"column":65}}}},"statementMap":{"1":{"start":{"line":13,"column":0},"end":{"line":37,"column":2}},"2":{"start":{"line":20,"column":8},"end":{"line":20,"column":53}},"3":{"start":{"line":21,"column":8},"end":{"line":21,"column":44}},"4":{"start":{"line":22,"column":8},"end":{"line":35,"column":10}},"5":{"start":{"line":25,"column":16},"end":{"line":27,"column":19}},"6":{"start":{"line":26,"column":20},"end":{"line":26,"column":40}},"7":{"start":{"line":28,"column":16},"end":{"line":33,"column":17}},"8":{"start":{"line":29,"column":20},"end":{"line":32,"column":23}}},"branchMap":{"1":{"line":20,"type":"binary-expr","locations":[{"start":{"line":20,"column":21},"end":{"line":20,"column":39}},{"start":{"line":20,"column":43},"end":{"line":20,"column":52}}]},"2":{"line":28,"type":"if","locations":[{"start":{"line":28,"column":16},"end":{"line":28,"column":16}},{"start":{"line":28,"column":16},"end":{"line":28,"column":16}}]},"3":{"line":28,"type":"binary-expr","locations":[{"start":{"line":28,"column":20},"end":{"line":28,"column":46}},{"start":{"line":28,"column":50},"end":{"line":28,"column":85}},{"start":{"line":28,"column":89},"end":{"line":28,"column":137}}]}},"code":["/**"," * require and specify consistent use `$scope.digest()` or `$scope.apply()`"," *"," * For the execution of the watchers, the $digest method will start from the scope in which we call the method."," * This will cause an performance improvement comparing to the $apply method, who start from the $rootScope"," *"," * @version 0.4.0"," * @category conventions"," * @sinceAngularVersion 1.x"," */","'use strict';","","module.exports = {","    meta: {","        schema: [{","            enum: ['$apply', '$digest']","        }]","    },","    create: function(context) {","        var method = context.options[0] || '$digest';","        var methods = ['$apply', '$digest'];","        return {","","            MemberExpression: function(node) {","                var forbiddenMethod = methods.filter(function(m) {","                    return m !== method;","                });","                if (forbiddenMethod.length > 0 && node.property.type === 'Identifier' && forbiddenMethod.indexOf(node.property.name) >= 0) {","                    context.report(node, 'Instead of using the {{forbidden}}() method, you should prefer {{method}}()', {","                        forbidden: node.property.name,","                        method: method","                    });","                }","            }","        };","    }","};",""],"l":{"13":1,"20":0,"21":0,"22":0,"25":0,"26":0,"28":0,"29":0}},"/home/travis/build/npmtest/node-npmtest-eslint-plugin-angular/eslint-plugin-angular/rules/window-service.js":{"path":"/home/travis/build/npmtest/node-npmtest-eslint-plugin-angular/eslint-plugin-angular/rules/window-service.js","s":{"1":1,"2":0,"3":0,"4":0,"5":0},"b":{"1":[0,0],"2":[0,0]},"f":{"1":0,"2":0},"fnMap":{"1":{"name":"(anonymous_1)","line":17,"loc":{"start":{"line":17,"column":12},"end":{"line":17,"column":30}}},"2":{"name":"(anonymous_2)","line":21,"loc":{"start":{"line":21,"column":30},"end":{"line":21,"column":45}}}},"statementMap":{"1":{"start":{"line":13,"column":0},"end":{"line":28,"column":2}},"2":{"start":{"line":18,"column":8},"end":{"line":18,"column":65}},"3":{"start":{"line":19,"column":8},"end":{"line":26,"column":10}},"4":{"start":{"line":22,"column":16},"end":{"line":24,"column":17}},"5":{"start":{"line":23,"column":20},"end":{"line":23,"column":120}}},"branchMap":{"1":{"line":22,"type":"if","locations":[{"start":{"line":22,"column":16},"end":{"line":22,"column":16}},{"start":{"line":22,"column":16},"end":{"line":22,"column":16}}]},"2":{"line":22,"type":"binary-expr","locations":[{"start":{"line":22,"column":20},"end":{"line":22,"column":49}},{"start":{"line":22,"column":53},"end":{"line":22,"column":93}}]}},"code":["/**"," * use `$window` instead of `window`"," *"," * Instead of the default window object, you should prefer the AngularJS wrapper service $window."," *"," * @styleguideReference {johnpapa} `y180` Angular $ Wrapper Services - $document and $window"," * @version 0.1.0"," * @category angularWrapper"," * @sinceAngularVersion 1.x"," */","'use strict';","","module.exports = {","    meta: {","        schema: []","    },","    create: function(context) {","        var restrict = ['document', 'setInterval', 'setTimeout'];","        return {","","            MemberExpression: function(node) {","                if (node.object.name === 'window' && restrict.indexOf(node.property.name) < 0) {","                    context.report(node, 'You should use the $window service instead of the default window object', {});","                }","            }","        };","    }","};",""],"l":{"13":1,"18":0,"19":0,"22":0,"23":0}},"/home/travis/build/npmtest/node-npmtest-eslint-plugin-angular/eslint-plugin-angular/environments.js":{"path":"/home/travis/build/npmtest/node-npmtest-eslint-plugin-angular/eslint-plugin-angular/environments.js","s":{"1":1},"b":{},"f":{},"fnMap":{},"statementMap":{"1":{"start":{"line":3,"column":0},"end":{"line":28,"column":2}}},"branchMap":{},"code":["'use strict';","","module.exports = {","    angular: {","        globals: {","            angular: true","        }","    },","    // https://docs.angularjs.org/api/ngMock","    mocks: {","        globals: {","            angular: true,","            inject: true,","            module: true","        }","    },","    // http://www.protractortest.org/#/api","    protractor: {","        globals: {","            element: true,","            $: true,","            $$: true,","            browser: true,","            by: true,","            protractor: true","        }","    }","};",""],"l":{"3":1}}}